2019-08-21 14:38:29.689 [main] INFO  com.face.advice.aop.ApplicationStarter - Starting ApplicationStarter on LAPTOP-TGN4T61P with PID 23808 (G:\app\github\theFace\face-java\target\classes started by FHX in G:\app\github\theFace\face-java)
2019-08-21 14:38:29.702 [main] INFO  com.face.advice.aop.ApplicationStarter - No active profile set, falling back to default profiles: default
2019-08-21 14:38:29.792 [main] INFO  o.s.b.w.s.c.AnnotationConfigServletWebServerApplicationContext - Refreshing org.springframework.boot.web.servlet.context.AnnotationConfigServletWebServerApplicationContext@24d09c1: startup date [Wed Aug 21 14:38:29 CST 2019]; root of context hierarchy
2019-08-21 14:38:30.924 [main] INFO  o.s.boot.web.embedded.tomcat.TomcatWebServer - Tomcat initialized with port(s): 8012 (http)
2019-08-21 14:38:30.939 [main] INFO  org.apache.coyote.http11.Http11NioProtocol - Initializing ProtocolHandler ["http-nio-8012"]
2019-08-21 14:38:30.951 [main] INFO  org.apache.catalina.core.StandardService - Starting service [Tomcat]
2019-08-21 14:38:30.951 [main] INFO  org.apache.catalina.core.StandardEngine - Starting Servlet Engine: Apache Tomcat/8.5.31
2019-08-21 14:38:30.962 [localhost-startStop-1] INFO  org.apache.catalina.core.AprLifecycleListener - The APR based Apache Tomcat Native library which allows optimal performance in production environments was not found on the java.library.path: [C:\Program Files\Java\jdk1.8.0_161\bin;C:\WINDOWS\Sun\Java\bin;C:\WINDOWS\system32;C:\WINDOWS;D:\Java\IntelliJ IDEA 2019.2\jbr\\bin;D:\Java\IntelliJ IDEA 2019.2\jbr\\bin\server;C:\Program Files (x86)\NetSarang\Xshell 6\;C:\Program Files (x86)\NetSarang\Xftp 6\;D:\IDE\oracle\product\11.2.0\dbhome_1\bin;C:\Program Files\Java\jdk1.8.0_161\bin;C:\Program Files\Java\jdk1.8.0_161\jre\bin;E:\BaiduNetdiskDownload\adb;D:\program\platform\PHP\php-7.2.2;D:\Node\;D:\tools\Git\cmd\;C:\Program Files (x86)\Microsoft Visual Studio 11.0\VC\bin;C:\Program Files (x86)\Microsoft SQL Server\90\Tools\binn\;C:\WINDOWS\system32;C:\Program Files (x86)\Windows Kits\8.1\Windows Performance Toolkit\;C:\Users\FHX\.dnx\bin;C:\Program Files\Microsoft DNX\Dnvm\;C:\Program Files\Microsoft SQL Server\130\Tools\Binn\;D:\IDE\python;D:\IDE\python\Scripts;C:\WINDOWS;C:\WINDOWS\System32\Wbem;C:\WINDOWS\System32\WindowsPowerShell\v1.0\;C:\WINDOWS\System32\OpenSSH\;G:\packages\apache-maven-3.5.4-bin\apache-maven-3.5.4\bin;D:\IDE\SQL\SQLserver\110\Tools\Binn\;D:\IDE\SQL\SQLserver\130\Tools\Binn\;D:\IDE\SQL\SQLserver2\Client SDK\ODBC\130\Tools\Binn\;D:\IDE\SQL\SQLserver2\140\Tools\Binn\;D:\IDE\SQL\SQLserver2\140\DTS\Binn\;D:\IDE\SQL\SQLserver2\140\Tools\Binn\ManagementStudio\;D:\software\Mongodb\Server\4.0.5\bin;C:\Program Files\Pandoc\;c:\Users\FHX\AppData\Local\Android\Sdk\platform-tools;F:\FDownload\flutter\bin;D:\software\Cmake\bin;G:\openCV\OpenCV2.4.11\OpenCV2.4.11\build\x86\vc12\bin;D:\IDE\Microsoft VS Code\bin;D:\Java\protoc-3.6.1-win32\bin;D:\software\putty\;F:\Tools\WinNT;F:\MSDev98\Bin;F:\Tools;F:\VC98\bin;C:\Users\FHX\AppData\Local\Microsoft\WindowsApps;C:\Users\FHX\AppData\Local\GitHubDesktop\bin;E:\BaiduNetdiskDownload\adb;D:\program\platform\PHP\php-7.2.2;C:\Users\FHX\AppData\Roaming\npm;D:\IDE\Microsoft VS Code\bin;D:\software\Bandizip\;D:\Java\IntelliJ IDEA 2018.3\bin;;D:\software\Microsoft VS Code\bin;;.]
2019-08-21 14:38:31.106 [localhost-startStop-1] INFO  o.a.c.core.ContainerBase.[Tomcat].[localhost].[/] - Initializing Spring embedded WebApplicationContext
2019-08-21 14:38:31.106 [localhost-startStop-1] INFO  org.springframework.web.context.ContextLoader - Root WebApplicationContext: initialization completed in 1314 ms
2019-08-21 14:38:31.318 [localhost-startStop-1] INFO  o.s.boot.web.servlet.ServletRegistrationBean - Servlet dispatcherServlet mapped to [/]
2019-08-21 14:38:31.328 [localhost-startStop-1] INFO  o.s.boot.web.servlet.FilterRegistrationBean - Mapping filter: 'characterEncodingFilter' to: [/*]
2019-08-21 14:38:31.329 [localhost-startStop-1] INFO  o.s.boot.web.servlet.FilterRegistrationBean - Mapping filter: 'hiddenHttpMethodFilter' to: [/*]
2019-08-21 14:38:31.329 [localhost-startStop-1] INFO  o.s.boot.web.servlet.FilterRegistrationBean - Mapping filter: 'httpPutFormContentFilter' to: [/*]
2019-08-21 14:38:31.329 [localhost-startStop-1] INFO  o.s.boot.web.servlet.FilterRegistrationBean - Mapping filter: 'requestContextFilter' to: [/*]
2019-08-21 14:38:31.471 [main] INFO  o.s.web.servlet.handler.SimpleUrlHandlerMapping - Mapped URL path [/**/favicon.ico] onto handler of type [class org.springframework.web.servlet.resource.ResourceHttpRequestHandler]
2019-08-21 14:38:32.103 [main] INFO  o.s.w.s.m.m.a.RequestMappingHandlerAdapter - Looking for @ControllerAdvice: org.springframework.boot.web.servlet.context.AnnotationConfigServletWebServerApplicationContext@24d09c1: startup date [Wed Aug 21 14:38:29 CST 2019]; root of context hierarchy
2019-08-21 14:38:32.380 [main] INFO  o.s.w.s.m.m.a.RequestMappingHandlerMapping - Mapped "{[/error]}" onto public org.springframework.http.ResponseEntity<java.util.Map<java.lang.String, java.lang.Object>> org.springframework.boot.autoconfigure.web.servlet.error.BasicErrorController.error(javax.servlet.http.HttpServletRequest)
2019-08-21 14:38:32.389 [main] INFO  o.s.w.s.m.m.a.RequestMappingHandlerMapping - Mapped "{[/error],produces=[text/html]}" onto public org.springframework.web.servlet.ModelAndView org.springframework.boot.autoconfigure.web.servlet.error.BasicErrorController.errorHtml(javax.servlet.http.HttpServletRequest,javax.servlet.http.HttpServletResponse)
2019-08-21 14:38:32.718 [main] INFO  o.s.web.servlet.handler.SimpleUrlHandlerMapping - Mapped URL path [/webjars/**] onto handler of type [class org.springframework.web.servlet.resource.ResourceHttpRequestHandler]
2019-08-21 14:38:32.718 [main] INFO  o.s.web.servlet.handler.SimpleUrlHandlerMapping - Mapped URL path [/**] onto handler of type [class org.springframework.web.servlet.resource.ResourceHttpRequestHandler]
2019-08-21 14:38:33.347 [main] INFO  o.s.jmx.export.annotation.AnnotationMBeanExporter - Registering beans for JMX exposure on startup
2019-08-21 14:38:33.377 [main] INFO  org.apache.coyote.http11.Http11NioProtocol - Starting ProtocolHandler ["http-nio-8012"]
2019-08-21 14:38:33.408 [main] INFO  org.apache.tomcat.util.net.NioSelectorPool - Using a shared selector for servlet write/read
2019-08-21 14:38:33.444 [main] INFO  o.s.boot.web.embedded.tomcat.TomcatWebServer - Tomcat started on port(s): 8012 (http) with context path ''
2019-08-21 14:38:33.454 [main] INFO  com.face.advice.aop.ApplicationStarter - Started ApplicationStarter in 4.303 seconds (JVM running for 8.77)
2019-08-21 14:39:30.860 [Thread-8] INFO  o.s.b.w.s.c.AnnotationConfigServletWebServerApplicationContext - Closing org.springframework.boot.web.servlet.context.AnnotationConfigServletWebServerApplicationContext@24d09c1: startup date [Wed Aug 21 14:38:29 CST 2019]; root of context hierarchy
2019-08-21 14:39:30.862 [Thread-8] INFO  o.s.jmx.export.annotation.AnnotationMBeanExporter - Unregistering JMX-exposed beans on shutdown
2019-08-21 14:39:42.135 [main] INFO  com.face.advice.aop.ApplicationStarter - Starting ApplicationStarter on LAPTOP-TGN4T61P with PID 22172 (G:\app\github\theFace\face-java\target\classes started by FHX in G:\app\github\theFace\face-java)
2019-08-21 14:39:42.139 [main] INFO  com.face.advice.aop.ApplicationStarter - No active profile set, falling back to default profiles: default
2019-08-21 14:39:42.217 [main] INFO  o.s.b.w.s.c.AnnotationConfigServletWebServerApplicationContext - Refreshing org.springframework.boot.web.servlet.context.AnnotationConfigServletWebServerApplicationContext@7164ca4c: startup date [Wed Aug 21 14:39:42 CST 2019]; root of context hierarchy
2019-08-21 14:39:44.214 [main] INFO  o.s.boot.web.embedded.tomcat.TomcatWebServer - Tomcat initialized with port(s): 8012 (http)
2019-08-21 14:39:44.229 [main] INFO  org.apache.coyote.http11.Http11NioProtocol - Initializing ProtocolHandler ["http-nio-8012"]
2019-08-21 14:39:44.240 [main] INFO  org.apache.catalina.core.StandardService - Starting service [Tomcat]
2019-08-21 14:39:44.240 [main] INFO  org.apache.catalina.core.StandardEngine - Starting Servlet Engine: Apache Tomcat/8.5.31
2019-08-21 14:39:44.245 [localhost-startStop-1] INFO  org.apache.catalina.core.AprLifecycleListener - The APR based Apache Tomcat Native library which allows optimal performance in production environments was not found on the java.library.path: [C:\Program Files\Java\jdk1.8.0_161\bin;C:\WINDOWS\Sun\Java\bin;C:\WINDOWS\system32;C:\WINDOWS;D:\Java\IntelliJ IDEA 2019.2\jbr\\bin;D:\Java\IntelliJ IDEA 2019.2\jbr\\bin\server;C:\Program Files (x86)\NetSarang\Xshell 6\;C:\Program Files (x86)\NetSarang\Xftp 6\;D:\IDE\oracle\product\11.2.0\dbhome_1\bin;C:\Program Files\Java\jdk1.8.0_161\bin;C:\Program Files\Java\jdk1.8.0_161\jre\bin;E:\BaiduNetdiskDownload\adb;D:\program\platform\PHP\php-7.2.2;D:\Node\;D:\tools\Git\cmd\;C:\Program Files (x86)\Microsoft Visual Studio 11.0\VC\bin;C:\Program Files (x86)\Microsoft SQL Server\90\Tools\binn\;C:\WINDOWS\system32;C:\Program Files (x86)\Windows Kits\8.1\Windows Performance Toolkit\;C:\Users\FHX\.dnx\bin;C:\Program Files\Microsoft DNX\Dnvm\;C:\Program Files\Microsoft SQL Server\130\Tools\Binn\;D:\IDE\python;D:\IDE\python\Scripts;C:\WINDOWS;C:\WINDOWS\System32\Wbem;C:\WINDOWS\System32\WindowsPowerShell\v1.0\;C:\WINDOWS\System32\OpenSSH\;G:\packages\apache-maven-3.5.4-bin\apache-maven-3.5.4\bin;D:\IDE\SQL\SQLserver\110\Tools\Binn\;D:\IDE\SQL\SQLserver\130\Tools\Binn\;D:\IDE\SQL\SQLserver2\Client SDK\ODBC\130\Tools\Binn\;D:\IDE\SQL\SQLserver2\140\Tools\Binn\;D:\IDE\SQL\SQLserver2\140\DTS\Binn\;D:\IDE\SQL\SQLserver2\140\Tools\Binn\ManagementStudio\;D:\software\Mongodb\Server\4.0.5\bin;C:\Program Files\Pandoc\;c:\Users\FHX\AppData\Local\Android\Sdk\platform-tools;F:\FDownload\flutter\bin;D:\software\Cmake\bin;G:\openCV\OpenCV2.4.11\OpenCV2.4.11\build\x86\vc12\bin;D:\IDE\Microsoft VS Code\bin;D:\Java\protoc-3.6.1-win32\bin;D:\software\putty\;F:\Tools\WinNT;F:\MSDev98\Bin;F:\Tools;F:\VC98\bin;C:\Users\FHX\AppData\Local\Microsoft\WindowsApps;C:\Users\FHX\AppData\Local\GitHubDesktop\bin;E:\BaiduNetdiskDownload\adb;D:\program\platform\PHP\php-7.2.2;C:\Users\FHX\AppData\Roaming\npm;D:\IDE\Microsoft VS Code\bin;D:\software\Bandizip\;D:\Java\IntelliJ IDEA 2018.3\bin;;D:\software\Microsoft VS Code\bin;;.]
2019-08-21 14:39:44.587 [localhost-startStop-1] INFO  o.a.c.core.ContainerBase.[Tomcat].[localhost].[/] - Initializing Spring embedded WebApplicationContext
2019-08-21 14:39:44.588 [localhost-startStop-1] INFO  org.springframework.web.context.ContextLoader - Root WebApplicationContext: initialization completed in 2371 ms
2019-08-21 14:39:44.899 [localhost-startStop-1] INFO  o.s.boot.web.servlet.ServletRegistrationBean - Servlet dispatcherServlet mapped to [/]
2019-08-21 14:39:44.906 [localhost-startStop-1] INFO  o.s.boot.web.servlet.FilterRegistrationBean - Mapping filter: 'characterEncodingFilter' to: [/*]
2019-08-21 14:39:44.907 [localhost-startStop-1] INFO  o.s.boot.web.servlet.FilterRegistrationBean - Mapping filter: 'hiddenHttpMethodFilter' to: [/*]
2019-08-21 14:39:44.908 [localhost-startStop-1] INFO  o.s.boot.web.servlet.FilterRegistrationBean - Mapping filter: 'httpPutFormContentFilter' to: [/*]
2019-08-21 14:39:44.909 [localhost-startStop-1] INFO  o.s.boot.web.servlet.FilterRegistrationBean - Mapping filter: 'requestContextFilter' to: [/*]
2019-08-21 14:39:45.058 [main] INFO  o.s.web.servlet.handler.SimpleUrlHandlerMapping - Mapped URL path [/**/favicon.ico] onto handler of type [class org.springframework.web.servlet.resource.ResourceHttpRequestHandler]
2019-08-21 14:39:45.386 [main] INFO  o.s.w.s.m.m.a.RequestMappingHandlerAdapter - Looking for @ControllerAdvice: org.springframework.boot.web.servlet.context.AnnotationConfigServletWebServerApplicationContext@7164ca4c: startup date [Wed Aug 21 14:39:42 CST 2019]; root of context hierarchy
2019-08-21 14:39:45.455 [main] INFO  o.s.w.s.m.m.a.RequestMappingHandlerMapping - Mapped "{[/error]}" onto public org.springframework.http.ResponseEntity<java.util.Map<java.lang.String, java.lang.Object>> org.springframework.boot.autoconfigure.web.servlet.error.BasicErrorController.error(javax.servlet.http.HttpServletRequest)
2019-08-21 14:39:45.457 [main] INFO  o.s.w.s.m.m.a.RequestMappingHandlerMapping - Mapped "{[/error],produces=[text/html]}" onto public org.springframework.web.servlet.ModelAndView org.springframework.boot.autoconfigure.web.servlet.error.BasicErrorController.errorHtml(javax.servlet.http.HttpServletRequest,javax.servlet.http.HttpServletResponse)
2019-08-21 14:39:45.509 [main] INFO  o.s.web.servlet.handler.SimpleUrlHandlerMapping - Mapped URL path [/webjars/**] onto handler of type [class org.springframework.web.servlet.resource.ResourceHttpRequestHandler]
2019-08-21 14:39:45.510 [main] INFO  o.s.web.servlet.handler.SimpleUrlHandlerMapping - Mapped URL path [/**] onto handler of type [class org.springframework.web.servlet.resource.ResourceHttpRequestHandler]
2019-08-21 14:39:45.863 [main] INFO  o.s.jmx.export.annotation.AnnotationMBeanExporter - Registering beans for JMX exposure on startup
2019-08-21 14:39:45.878 [main] INFO  org.apache.coyote.http11.Http11NioProtocol - Starting ProtocolHandler ["http-nio-8012"]
2019-08-21 14:39:45.889 [main] INFO  org.apache.tomcat.util.net.NioSelectorPool - Using a shared selector for servlet write/read
2019-08-21 14:39:45.909 [main] INFO  o.s.boot.web.embedded.tomcat.TomcatWebServer - Tomcat started on port(s): 8012 (http) with context path ''
2019-08-21 14:39:45.916 [main] INFO  com.face.advice.aop.ApplicationStarter - Started ApplicationStarter in 4.543 seconds (JVM running for 7.188)
2019-08-21 14:41:45.115 [Thread-12] INFO  o.s.b.w.s.c.AnnotationConfigServletWebServerApplicationContext - Closing org.springframework.boot.web.servlet.context.AnnotationConfigServletWebServerApplicationContext@7164ca4c: startup date [Wed Aug 21 14:39:42 CST 2019]; root of context hierarchy
2019-08-21 14:41:45.118 [Thread-12] INFO  o.s.jmx.export.annotation.AnnotationMBeanExporter - Unregistering JMX-exposed beans on shutdown
2019-08-21 14:41:51.763 [main] INFO  com.face.advice.aop.ApplicationStarter - Starting ApplicationStarter on LAPTOP-TGN4T61P with PID 24660 (G:\app\github\theFace\face-java\target\classes started by FHX in G:\app\github\theFace\face-java)
2019-08-21 14:41:51.768 [main] INFO  com.face.advice.aop.ApplicationStarter - No active profile set, falling back to default profiles: default
2019-08-21 14:41:51.827 [main] INFO  o.s.b.w.s.c.AnnotationConfigServletWebServerApplicationContext - Refreshing org.springframework.boot.web.servlet.context.AnnotationConfigServletWebServerApplicationContext@7241a47d: startup date [Wed Aug 21 14:41:51 CST 2019]; root of context hierarchy
2019-08-21 14:41:53.722 [main] INFO  o.s.boot.web.embedded.tomcat.TomcatWebServer - Tomcat initialized with port(s): 8012 (http)
2019-08-21 14:41:53.739 [main] INFO  org.apache.coyote.http11.Http11NioProtocol - Initializing ProtocolHandler ["http-nio-8012"]
2019-08-21 14:41:53.750 [main] INFO  org.apache.catalina.core.StandardService - Starting service [Tomcat]
2019-08-21 14:41:53.750 [main] INFO  org.apache.catalina.core.StandardEngine - Starting Servlet Engine: Apache Tomcat/8.5.31
2019-08-21 14:41:53.755 [localhost-startStop-1] INFO  org.apache.catalina.core.AprLifecycleListener - The APR based Apache Tomcat Native library which allows optimal performance in production environments was not found on the java.library.path: [C:\Program Files\Java\jdk1.8.0_161\bin;C:\WINDOWS\Sun\Java\bin;C:\WINDOWS\system32;C:\WINDOWS;D:\Java\IntelliJ IDEA 2019.2\jbr\\bin;D:\Java\IntelliJ IDEA 2019.2\jbr\\bin\server;C:\Program Files (x86)\NetSarang\Xshell 6\;C:\Program Files (x86)\NetSarang\Xftp 6\;D:\IDE\oracle\product\11.2.0\dbhome_1\bin;C:\Program Files\Java\jdk1.8.0_161\bin;C:\Program Files\Java\jdk1.8.0_161\jre\bin;E:\BaiduNetdiskDownload\adb;D:\program\platform\PHP\php-7.2.2;D:\Node\;D:\tools\Git\cmd\;C:\Program Files (x86)\Microsoft Visual Studio 11.0\VC\bin;C:\Program Files (x86)\Microsoft SQL Server\90\Tools\binn\;C:\WINDOWS\system32;C:\Program Files (x86)\Windows Kits\8.1\Windows Performance Toolkit\;C:\Users\FHX\.dnx\bin;C:\Program Files\Microsoft DNX\Dnvm\;C:\Program Files\Microsoft SQL Server\130\Tools\Binn\;D:\IDE\python;D:\IDE\python\Scripts;C:\WINDOWS;C:\WINDOWS\System32\Wbem;C:\WINDOWS\System32\WindowsPowerShell\v1.0\;C:\WINDOWS\System32\OpenSSH\;G:\packages\apache-maven-3.5.4-bin\apache-maven-3.5.4\bin;D:\IDE\SQL\SQLserver\110\Tools\Binn\;D:\IDE\SQL\SQLserver\130\Tools\Binn\;D:\IDE\SQL\SQLserver2\Client SDK\ODBC\130\Tools\Binn\;D:\IDE\SQL\SQLserver2\140\Tools\Binn\;D:\IDE\SQL\SQLserver2\140\DTS\Binn\;D:\IDE\SQL\SQLserver2\140\Tools\Binn\ManagementStudio\;D:\software\Mongodb\Server\4.0.5\bin;C:\Program Files\Pandoc\;c:\Users\FHX\AppData\Local\Android\Sdk\platform-tools;F:\FDownload\flutter\bin;D:\software\Cmake\bin;G:\openCV\OpenCV2.4.11\OpenCV2.4.11\build\x86\vc12\bin;D:\IDE\Microsoft VS Code\bin;D:\Java\protoc-3.6.1-win32\bin;D:\software\putty\;F:\Tools\WinNT;F:\MSDev98\Bin;F:\Tools;F:\VC98\bin;C:\Users\FHX\AppData\Local\Microsoft\WindowsApps;C:\Users\FHX\AppData\Local\GitHubDesktop\bin;E:\BaiduNetdiskDownload\adb;D:\program\platform\PHP\php-7.2.2;C:\Users\FHX\AppData\Roaming\npm;D:\IDE\Microsoft VS Code\bin;D:\software\Bandizip\;D:\Java\IntelliJ IDEA 2018.3\bin;;D:\software\Microsoft VS Code\bin;;.]
2019-08-21 14:41:53.907 [localhost-startStop-1] INFO  o.a.c.core.ContainerBase.[Tomcat].[localhost].[/] - Initializing Spring embedded WebApplicationContext
2019-08-21 14:41:53.907 [localhost-startStop-1] INFO  org.springframework.web.context.ContextLoader - Root WebApplicationContext: initialization completed in 2080 ms
2019-08-21 14:41:54.104 [localhost-startStop-1] INFO  o.s.boot.web.servlet.ServletRegistrationBean - Servlet dispatcherServlet mapped to [/]
2019-08-21 14:41:54.108 [localhost-startStop-1] INFO  o.s.boot.web.servlet.FilterRegistrationBean - Mapping filter: 'characterEncodingFilter' to: [/*]
2019-08-21 14:41:54.109 [localhost-startStop-1] INFO  o.s.boot.web.servlet.FilterRegistrationBean - Mapping filter: 'hiddenHttpMethodFilter' to: [/*]
2019-08-21 14:41:54.109 [localhost-startStop-1] INFO  o.s.boot.web.servlet.FilterRegistrationBean - Mapping filter: 'httpPutFormContentFilter' to: [/*]
2019-08-21 14:41:54.109 [localhost-startStop-1] INFO  o.s.boot.web.servlet.FilterRegistrationBean - Mapping filter: 'requestContextFilter' to: [/*]
2019-08-21 14:41:54.300 [main] INFO  o.s.web.servlet.handler.SimpleUrlHandlerMapping - Mapped URL path [/**/favicon.ico] onto handler of type [class org.springframework.web.servlet.resource.ResourceHttpRequestHandler]
2019-08-21 14:41:54.686 [main] INFO  o.s.w.s.m.m.a.RequestMappingHandlerAdapter - Looking for @ControllerAdvice: org.springframework.boot.web.servlet.context.AnnotationConfigServletWebServerApplicationContext@7241a47d: startup date [Wed Aug 21 14:41:51 CST 2019]; root of context hierarchy
2019-08-21 14:41:54.752 [main] INFO  o.s.w.s.m.m.a.RequestMappingHandlerMapping - Mapped "{[/error]}" onto public org.springframework.http.ResponseEntity<java.util.Map<java.lang.String, java.lang.Object>> org.springframework.boot.autoconfigure.web.servlet.error.BasicErrorController.error(javax.servlet.http.HttpServletRequest)
2019-08-21 14:41:54.753 [main] INFO  o.s.w.s.m.m.a.RequestMappingHandlerMapping - Mapped "{[/error],produces=[text/html]}" onto public org.springframework.web.servlet.ModelAndView org.springframework.boot.autoconfigure.web.servlet.error.BasicErrorController.errorHtml(javax.servlet.http.HttpServletRequest,javax.servlet.http.HttpServletResponse)
2019-08-21 14:41:54.797 [main] INFO  o.s.web.servlet.handler.SimpleUrlHandlerMapping - Mapped URL path [/webjars/**] onto handler of type [class org.springframework.web.servlet.resource.ResourceHttpRequestHandler]
2019-08-21 14:41:54.797 [main] INFO  o.s.web.servlet.handler.SimpleUrlHandlerMapping - Mapped URL path [/**] onto handler of type [class org.springframework.web.servlet.resource.ResourceHttpRequestHandler]
2019-08-21 14:41:55.218 [main] INFO  o.s.jmx.export.annotation.AnnotationMBeanExporter - Registering beans for JMX exposure on startup
2019-08-21 14:41:55.233 [main] INFO  org.apache.coyote.http11.Http11NioProtocol - Starting ProtocolHandler ["http-nio-8012"]
2019-08-21 14:41:55.244 [main] INFO  org.apache.tomcat.util.net.NioSelectorPool - Using a shared selector for servlet write/read
2019-08-21 14:41:55.258 [main] INFO  o.s.boot.web.embedded.tomcat.TomcatWebServer - Tomcat started on port(s): 8012 (http) with context path ''
2019-08-21 14:41:55.262 [main] INFO  com.face.advice.aop.ApplicationStarter - Started ApplicationStarter in 4.028 seconds (JVM running for 5.136)
2019-08-21 14:42:11.394 [Thread-9] INFO  o.s.b.w.s.c.AnnotationConfigServletWebServerApplicationContext - Closing org.springframework.boot.web.servlet.context.AnnotationConfigServletWebServerApplicationContext@7241a47d: startup date [Wed Aug 21 14:41:51 CST 2019]; root of context hierarchy
2019-08-21 14:42:11.397 [Thread-9] INFO  o.s.jmx.export.annotation.AnnotationMBeanExporter - Unregistering JMX-exposed beans on shutdown
2019-08-21 14:42:17.978 [main] INFO  com.face.advice.aop.ApplicationStarter - Starting ApplicationStarter on LAPTOP-TGN4T61P with PID 19472 (G:\app\github\theFace\face-java\target\classes started by FHX in G:\app\github\theFace\face-java)
2019-08-21 14:42:17.982 [main] INFO  com.face.advice.aop.ApplicationStarter - No active profile set, falling back to default profiles: default
2019-08-21 14:42:18.069 [main] INFO  o.s.b.w.s.c.AnnotationConfigServletWebServerApplicationContext - Refreshing org.springframework.boot.web.servlet.context.AnnotationConfigServletWebServerApplicationContext@43f82e78: startup date [Wed Aug 21 14:42:18 CST 2019]; root of context hierarchy
2019-08-21 14:42:19.272 [main] INFO  o.s.boot.web.embedded.tomcat.TomcatWebServer - Tomcat initialized with port(s): 8012 (http)
2019-08-21 14:42:19.286 [main] INFO  org.apache.coyote.http11.Http11NioProtocol - Initializing ProtocolHandler ["http-nio-8012"]
2019-08-21 14:42:19.297 [main] INFO  org.apache.catalina.core.StandardService - Starting service [Tomcat]
2019-08-21 14:42:19.297 [main] INFO  org.apache.catalina.core.StandardEngine - Starting Servlet Engine: Apache Tomcat/8.5.31
2019-08-21 14:42:19.302 [localhost-startStop-1] INFO  org.apache.catalina.core.AprLifecycleListener - The APR based Apache Tomcat Native library which allows optimal performance in production environments was not found on the java.library.path: [C:\Program Files\Java\jdk1.8.0_161\bin;C:\WINDOWS\Sun\Java\bin;C:\WINDOWS\system32;C:\WINDOWS;D:\Java\IntelliJ IDEA 2019.2\jbr\\bin;D:\Java\IntelliJ IDEA 2019.2\jbr\\bin\server;C:\Program Files (x86)\NetSarang\Xshell 6\;C:\Program Files (x86)\NetSarang\Xftp 6\;D:\IDE\oracle\product\11.2.0\dbhome_1\bin;C:\Program Files\Java\jdk1.8.0_161\bin;C:\Program Files\Java\jdk1.8.0_161\jre\bin;E:\BaiduNetdiskDownload\adb;D:\program\platform\PHP\php-7.2.2;D:\Node\;D:\tools\Git\cmd\;C:\Program Files (x86)\Microsoft Visual Studio 11.0\VC\bin;C:\Program Files (x86)\Microsoft SQL Server\90\Tools\binn\;C:\WINDOWS\system32;C:\Program Files (x86)\Windows Kits\8.1\Windows Performance Toolkit\;C:\Users\FHX\.dnx\bin;C:\Program Files\Microsoft DNX\Dnvm\;C:\Program Files\Microsoft SQL Server\130\Tools\Binn\;D:\IDE\python;D:\IDE\python\Scripts;C:\WINDOWS;C:\WINDOWS\System32\Wbem;C:\WINDOWS\System32\WindowsPowerShell\v1.0\;C:\WINDOWS\System32\OpenSSH\;G:\packages\apache-maven-3.5.4-bin\apache-maven-3.5.4\bin;D:\IDE\SQL\SQLserver\110\Tools\Binn\;D:\IDE\SQL\SQLserver\130\Tools\Binn\;D:\IDE\SQL\SQLserver2\Client SDK\ODBC\130\Tools\Binn\;D:\IDE\SQL\SQLserver2\140\Tools\Binn\;D:\IDE\SQL\SQLserver2\140\DTS\Binn\;D:\IDE\SQL\SQLserver2\140\Tools\Binn\ManagementStudio\;D:\software\Mongodb\Server\4.0.5\bin;C:\Program Files\Pandoc\;c:\Users\FHX\AppData\Local\Android\Sdk\platform-tools;F:\FDownload\flutter\bin;D:\software\Cmake\bin;G:\openCV\OpenCV2.4.11\OpenCV2.4.11\build\x86\vc12\bin;D:\IDE\Microsoft VS Code\bin;D:\Java\protoc-3.6.1-win32\bin;D:\software\putty\;F:\Tools\WinNT;F:\MSDev98\Bin;F:\Tools;F:\VC98\bin;C:\Users\FHX\AppData\Local\Microsoft\WindowsApps;C:\Users\FHX\AppData\Local\GitHubDesktop\bin;E:\BaiduNetdiskDownload\adb;D:\program\platform\PHP\php-7.2.2;C:\Users\FHX\AppData\Roaming\npm;D:\IDE\Microsoft VS Code\bin;D:\software\Bandizip\;D:\Java\IntelliJ IDEA 2018.3\bin;;D:\software\Microsoft VS Code\bin;;.]
2019-08-21 14:42:19.439 [localhost-startStop-1] INFO  o.a.c.core.ContainerBase.[Tomcat].[localhost].[/] - Initializing Spring embedded WebApplicationContext
2019-08-21 14:42:19.439 [localhost-startStop-1] INFO  org.springframework.web.context.ContextLoader - Root WebApplicationContext: initialization completed in 1370 ms
2019-08-21 14:42:19.583 [localhost-startStop-1] INFO  o.s.boot.web.servlet.ServletRegistrationBean - Servlet dispatcherServlet mapped to [/]
2019-08-21 14:42:19.589 [localhost-startStop-1] INFO  o.s.boot.web.servlet.FilterRegistrationBean - Mapping filter: 'characterEncodingFilter' to: [/*]
2019-08-21 14:42:19.590 [localhost-startStop-1] INFO  o.s.boot.web.servlet.FilterRegistrationBean - Mapping filter: 'hiddenHttpMethodFilter' to: [/*]
2019-08-21 14:42:19.590 [localhost-startStop-1] INFO  o.s.boot.web.servlet.FilterRegistrationBean - Mapping filter: 'httpPutFormContentFilter' to: [/*]
2019-08-21 14:42:19.591 [localhost-startStop-1] INFO  o.s.boot.web.servlet.FilterRegistrationBean - Mapping filter: 'requestContextFilter' to: [/*]
2019-08-21 14:42:19.715 [main] INFO  o.s.web.servlet.handler.SimpleUrlHandlerMapping - Mapped URL path [/**/favicon.ico] onto handler of type [class org.springframework.web.servlet.resource.ResourceHttpRequestHandler]
2019-08-21 14:42:19.990 [main] INFO  o.s.w.s.m.m.a.RequestMappingHandlerAdapter - Looking for @ControllerAdvice: org.springframework.boot.web.servlet.context.AnnotationConfigServletWebServerApplicationContext@43f82e78: startup date [Wed Aug 21 14:42:18 CST 2019]; root of context hierarchy
2019-08-21 14:42:20.066 [main] INFO  o.s.w.s.m.m.a.RequestMappingHandlerMapping - Mapped "{[/error]}" onto public org.springframework.http.ResponseEntity<java.util.Map<java.lang.String, java.lang.Object>> org.springframework.boot.autoconfigure.web.servlet.error.BasicErrorController.error(javax.servlet.http.HttpServletRequest)
2019-08-21 14:42:20.068 [main] INFO  o.s.w.s.m.m.a.RequestMappingHandlerMapping - Mapped "{[/error],produces=[text/html]}" onto public org.springframework.web.servlet.ModelAndView org.springframework.boot.autoconfigure.web.servlet.error.BasicErrorController.errorHtml(javax.servlet.http.HttpServletRequest,javax.servlet.http.HttpServletResponse)
2019-08-21 14:42:20.095 [main] INFO  o.s.web.servlet.handler.SimpleUrlHandlerMapping - Mapped URL path [/webjars/**] onto handler of type [class org.springframework.web.servlet.resource.ResourceHttpRequestHandler]
2019-08-21 14:42:20.095 [main] INFO  o.s.web.servlet.handler.SimpleUrlHandlerMapping - Mapped URL path [/**] onto handler of type [class org.springframework.web.servlet.resource.ResourceHttpRequestHandler]
2019-08-21 14:42:20.367 [main] INFO  o.s.jmx.export.annotation.AnnotationMBeanExporter - Registering beans for JMX exposure on startup
2019-08-21 14:42:20.382 [main] INFO  org.apache.coyote.http11.Http11NioProtocol - Starting ProtocolHandler ["http-nio-8012"]
2019-08-21 14:42:20.393 [main] INFO  org.apache.tomcat.util.net.NioSelectorPool - Using a shared selector for servlet write/read
2019-08-21 14:42:20.410 [main] INFO  o.s.boot.web.embedded.tomcat.TomcatWebServer - Tomcat started on port(s): 8012 (http) with context path ''
2019-08-21 14:42:20.413 [main] INFO  com.face.advice.aop.ApplicationStarter - Started ApplicationStarter in 3.011 seconds (JVM running for 4.177)
2019-08-21 14:42:25.842 [Thread-8] INFO  o.s.b.w.s.c.AnnotationConfigServletWebServerApplicationContext - Closing org.springframework.boot.web.servlet.context.AnnotationConfigServletWebServerApplicationContext@43f82e78: startup date [Wed Aug 21 14:42:18 CST 2019]; root of context hierarchy
2019-08-21 14:42:25.844 [Thread-8] INFO  o.s.jmx.export.annotation.AnnotationMBeanExporter - Unregistering JMX-exposed beans on shutdown
2019-08-21 14:49:25.780 [main] INFO  com.face.advice.aop.ApplicationStarter - Starting ApplicationStarter on LAPTOP-TGN4T61P with PID 12488 (G:\app\github\theFace\face-java\target\classes started by FHX in G:\app\github\theFace\face-java)
2019-08-21 14:49:25.785 [main] INFO  com.face.advice.aop.ApplicationStarter - No active profile set, falling back to default profiles: default
2019-08-21 14:49:25.855 [main] INFO  o.s.b.w.s.c.AnnotationConfigServletWebServerApplicationContext - Refreshing org.springframework.boot.web.servlet.context.AnnotationConfigServletWebServerApplicationContext@484094a5: startup date [Wed Aug 21 14:49:25 CST 2019]; root of context hierarchy
2019-08-21 14:49:27.262 [main] INFO  o.s.boot.web.embedded.tomcat.TomcatWebServer - Tomcat initialized with port(s): 8012 (http)
2019-08-21 14:49:27.277 [main] INFO  org.apache.coyote.http11.Http11NioProtocol - Initializing ProtocolHandler ["http-nio-8012"]
2019-08-21 14:49:27.288 [main] INFO  org.apache.catalina.core.StandardService - Starting service [Tomcat]
2019-08-21 14:49:27.288 [main] INFO  org.apache.catalina.core.StandardEngine - Starting Servlet Engine: Apache Tomcat/8.5.31
2019-08-21 14:49:27.292 [localhost-startStop-1] INFO  org.apache.catalina.core.AprLifecycleListener - The APR based Apache Tomcat Native library which allows optimal performance in production environments was not found on the java.library.path: [C:\Program Files\Java\jdk1.8.0_161\bin;C:\WINDOWS\Sun\Java\bin;C:\WINDOWS\system32;C:\WINDOWS;D:\Java\IntelliJ IDEA 2019.2\jbr\\bin;D:\Java\IntelliJ IDEA 2019.2\jbr\\bin\server;C:\Program Files (x86)\NetSarang\Xshell 6\;C:\Program Files (x86)\NetSarang\Xftp 6\;D:\IDE\oracle\product\11.2.0\dbhome_1\bin;C:\Program Files\Java\jdk1.8.0_161\bin;C:\Program Files\Java\jdk1.8.0_161\jre\bin;E:\BaiduNetdiskDownload\adb;D:\program\platform\PHP\php-7.2.2;D:\Node\;D:\tools\Git\cmd\;C:\Program Files (x86)\Microsoft Visual Studio 11.0\VC\bin;C:\Program Files (x86)\Microsoft SQL Server\90\Tools\binn\;C:\WINDOWS\system32;C:\Program Files (x86)\Windows Kits\8.1\Windows Performance Toolkit\;C:\Users\FHX\.dnx\bin;C:\Program Files\Microsoft DNX\Dnvm\;C:\Program Files\Microsoft SQL Server\130\Tools\Binn\;D:\IDE\python;D:\IDE\python\Scripts;C:\WINDOWS;C:\WINDOWS\System32\Wbem;C:\WINDOWS\System32\WindowsPowerShell\v1.0\;C:\WINDOWS\System32\OpenSSH\;G:\packages\apache-maven-3.5.4-bin\apache-maven-3.5.4\bin;D:\IDE\SQL\SQLserver\110\Tools\Binn\;D:\IDE\SQL\SQLserver\130\Tools\Binn\;D:\IDE\SQL\SQLserver2\Client SDK\ODBC\130\Tools\Binn\;D:\IDE\SQL\SQLserver2\140\Tools\Binn\;D:\IDE\SQL\SQLserver2\140\DTS\Binn\;D:\IDE\SQL\SQLserver2\140\Tools\Binn\ManagementStudio\;D:\software\Mongodb\Server\4.0.5\bin;C:\Program Files\Pandoc\;c:\Users\FHX\AppData\Local\Android\Sdk\platform-tools;F:\FDownload\flutter\bin;D:\software\Cmake\bin;G:\openCV\OpenCV2.4.11\OpenCV2.4.11\build\x86\vc12\bin;D:\IDE\Microsoft VS Code\bin;D:\Java\protoc-3.6.1-win32\bin;D:\software\putty\;F:\Tools\WinNT;F:\MSDev98\Bin;F:\Tools;F:\VC98\bin;C:\Users\FHX\AppData\Local\Microsoft\WindowsApps;C:\Users\FHX\AppData\Local\GitHubDesktop\bin;E:\BaiduNetdiskDownload\adb;D:\program\platform\PHP\php-7.2.2;C:\Users\FHX\AppData\Roaming\npm;D:\IDE\Microsoft VS Code\bin;D:\software\Bandizip\;D:\Java\IntelliJ IDEA 2018.3\bin;;D:\software\Microsoft VS Code\bin;;.]
2019-08-21 14:49:27.421 [localhost-startStop-1] INFO  o.a.c.core.ContainerBase.[Tomcat].[localhost].[/] - Initializing Spring embedded WebApplicationContext
2019-08-21 14:49:27.421 [localhost-startStop-1] INFO  org.springframework.web.context.ContextLoader - Root WebApplicationContext: initialization completed in 1566 ms
2019-08-21 14:49:27.598 [localhost-startStop-1] INFO  o.s.boot.web.servlet.ServletRegistrationBean - Servlet dispatcherServlet mapped to [/]
2019-08-21 14:49:27.603 [localhost-startStop-1] INFO  o.s.boot.web.servlet.FilterRegistrationBean - Mapping filter: 'characterEncodingFilter' to: [/*]
2019-08-21 14:49:27.604 [localhost-startStop-1] INFO  o.s.boot.web.servlet.FilterRegistrationBean - Mapping filter: 'hiddenHttpMethodFilter' to: [/*]
2019-08-21 14:49:27.604 [localhost-startStop-1] INFO  o.s.boot.web.servlet.FilterRegistrationBean - Mapping filter: 'httpPutFormContentFilter' to: [/*]
2019-08-21 14:49:27.604 [localhost-startStop-1] INFO  o.s.boot.web.servlet.FilterRegistrationBean - Mapping filter: 'requestContextFilter' to: [/*]
2019-08-21 14:49:27.779 [main] INFO  o.s.web.servlet.handler.SimpleUrlHandlerMapping - Mapped URL path [/**/favicon.ico] onto handler of type [class org.springframework.web.servlet.resource.ResourceHttpRequestHandler]
2019-08-21 14:49:28.146 [main] INFO  o.s.w.s.m.m.a.RequestMappingHandlerAdapter - Looking for @ControllerAdvice: org.springframework.boot.web.servlet.context.AnnotationConfigServletWebServerApplicationContext@484094a5: startup date [Wed Aug 21 14:49:25 CST 2019]; root of context hierarchy
2019-08-21 14:49:28.216 [main] INFO  o.s.w.s.m.m.a.RequestMappingHandlerMapping - Mapped "{[/error]}" onto public org.springframework.http.ResponseEntity<java.util.Map<java.lang.String, java.lang.Object>> org.springframework.boot.autoconfigure.web.servlet.error.BasicErrorController.error(javax.servlet.http.HttpServletRequest)
2019-08-21 14:49:28.218 [main] INFO  o.s.w.s.m.m.a.RequestMappingHandlerMapping - Mapped "{[/error],produces=[text/html]}" onto public org.springframework.web.servlet.ModelAndView org.springframework.boot.autoconfigure.web.servlet.error.BasicErrorController.errorHtml(javax.servlet.http.HttpServletRequest,javax.servlet.http.HttpServletResponse)
2019-08-21 14:49:28.262 [main] INFO  o.s.web.servlet.handler.SimpleUrlHandlerMapping - Mapped URL path [/webjars/**] onto handler of type [class org.springframework.web.servlet.resource.ResourceHttpRequestHandler]
2019-08-21 14:49:28.262 [main] INFO  o.s.web.servlet.handler.SimpleUrlHandlerMapping - Mapped URL path [/**] onto handler of type [class org.springframework.web.servlet.resource.ResourceHttpRequestHandler]
2019-08-21 14:49:28.630 [main] INFO  o.s.jmx.export.annotation.AnnotationMBeanExporter - Registering beans for JMX exposure on startup
2019-08-21 14:49:28.643 [main] INFO  org.apache.coyote.http11.Http11NioProtocol - Starting ProtocolHandler ["http-nio-8012"]
2019-08-21 14:49:28.655 [main] INFO  org.apache.tomcat.util.net.NioSelectorPool - Using a shared selector for servlet write/read
2019-08-21 14:49:28.673 [main] INFO  o.s.boot.web.embedded.tomcat.TomcatWebServer - Tomcat started on port(s): 8012 (http) with context path ''
2019-08-21 14:49:28.677 [main] INFO  com.face.advice.aop.ApplicationStarter - Started ApplicationStarter in 3.557 seconds (JVM running for 4.782)
2019-08-21 14:58:40.132 [Thread-9] INFO  o.s.b.w.s.c.AnnotationConfigServletWebServerApplicationContext - Closing org.springframework.boot.web.servlet.context.AnnotationConfigServletWebServerApplicationContext@484094a5: startup date [Wed Aug 21 14:49:25 CST 2019]; root of context hierarchy
2019-08-21 14:58:40.135 [Thread-9] INFO  o.s.jmx.export.annotation.AnnotationMBeanExporter - Unregistering JMX-exposed beans on shutdown
