2019-09-04 16:15:17.565 [main] INFO  com.face.generator.GeneratorApplication - Starting GeneratorApplication on LAPTOP-TGN4T61P with PID 17944 (G:\app\github\theFace\face-java\target\classes started by FHX in G:\app\github\theFace\face-java)
2019-09-04 16:15:17.605 [main] INFO  com.face.generator.GeneratorApplication - No active profile set, falling back to default profiles: default
2019-09-04 16:15:17.766 [main] INFO  o.s.b.w.s.c.AnnotationConfigServletWebServerApplicationContext - Refreshing org.springframework.boot.web.servlet.context.AnnotationConfigServletWebServerApplicationContext@628c4ac0: startup date [Wed Sep 04 16:15:17 CST 2019]; root of context hierarchy
2019-09-04 16:15:23.445 [main] INFO  o.s.c.s.PostProcessorRegistrationDelegate$BeanPostProcessorChecker - Bean 'org.springframework.transaction.annotation.ProxyTransactionManagementConfiguration' of type [org.springframework.transaction.annotation.ProxyTransactionManagementConfiguration$$EnhancerBySpringCGLIB$$b3b08d83] is not eligible for getting processed by all BeanPostProcessors (for example: not eligible for auto-proxying)
2019-09-04 16:15:24.225 [main] INFO  o.s.boot.web.embedded.tomcat.TomcatWebServer - Tomcat initialized with port(s): 8012 (http)
2019-09-04 16:15:24.262 [main] INFO  org.apache.coyote.http11.Http11NioProtocol - Initializing ProtocolHandler ["http-nio-8012"]
2019-09-04 16:15:24.289 [main] INFO  org.apache.catalina.core.StandardService - Starting service [Tomcat]
2019-09-04 16:15:24.290 [main] INFO  org.apache.catalina.core.StandardEngine - Starting Servlet Engine: Apache Tomcat/8.5.31
2019-09-04 16:15:24.302 [localhost-startStop-1] INFO  org.apache.catalina.core.AprLifecycleListener - The APR based Apache Tomcat Native library which allows optimal performance in production environments was not found on the java.library.path: [C:\Program Files\Java\jdk1.8.0_161\bin;C:\WINDOWS\Sun\Java\bin;C:\WINDOWS\system32;C:\WINDOWS;D:\Java\IntelliJ IDEA 2019.2\jbr\\bin;D:\Java\IntelliJ IDEA 2019.2\jbr\\bin\server;C:\Program Files (x86)\NetSarang\Xshell 6\;C:\Program Files (x86)\NetSarang\Xftp 6\;D:\IDE\oracle\product\11.2.0\dbhome_1\bin;C:\Program Files\Java\jdk1.8.0_161\bin;C:\Program Files\Java\jdk1.8.0_161\jre\bin;E:\BaiduNetdiskDownload\adb;D:\program\platform\PHP\php-7.2.2;D:\Node\;D:\tools\Git\cmd\;C:\Program Files (x86)\Microsoft Visual Studio 11.0\VC\bin;C:\Program Files (x86)\Microsoft SQL Server\90\Tools\binn\;C:\WINDOWS\system32;C:\Program Files (x86)\Windows Kits\8.1\Windows Performance Toolkit\;C:\WINDOWS\system32\config\systemprofile\.dnx\bin;C:\Program Files\Microsoft DNX\Dnvm\;C:\Program Files\Microsoft SQL Server\130\Tools\Binn\;D:\IDE\python;D:\IDE\python\Scripts;C:\WINDOWS;C:\WINDOWS\System32\Wbem;C:\WINDOWS\System32\WindowsPowerShell\v1.0\;C:\WINDOWS\System32\OpenSSH\;G:\packages\apache-maven-3.5.4-bin\apache-maven-3.5.4\bin;D:\IDE\SQL\SQLserver\110\Tools\Binn\;D:\IDE\SQL\SQLserver\130\Tools\Binn\;D:\IDE\SQL\SQLserver2\Client SDK\ODBC\130\Tools\Binn\;D:\IDE\SQL\SQLserver2\140\Tools\Binn\;D:\IDE\SQL\SQLserver2\140\DTS\Binn\;D:\IDE\SQL\SQLserver2\140\Tools\Binn\ManagementStudio\;D:\software\Mongodb\Server\4.0.5\bin;C:\Program Files\Pandoc\;c:\Users\FHX\AppData\Local\Android\Sdk\platform-tools;F:\FDownload\flutter\bin;D:\software\Cmake\bin;G:\openCV\OpenCV2.4.11\OpenCV2.4.11\build\x86\vc12\bin;D:\IDE\Microsoft VS Code\bin;D:\Java\protoc-3.6.1-win32\bin;D:\software\putty\;F:\Tools\WinNT;F:\MSDev98\Bin;F:\Tools;F:\VC98\bin;C:\Users\FHX\AppData\Local\Microsoft\WindowsApps;C:\Users\FHX\AppData\Local\GitHubDesktop\bin;E:\BaiduNetdiskDownload\adb;D:\program\platform\PHP\php-7.2.2;C:\Users\FHX\AppData\Roaming\npm;D:\IDE\Microsoft VS Code\bin;D:\software\Bandizip\;D:\Java\IntelliJ IDEA 2018.3\bin;;D:\software\Microsoft VS Code\bin;;.]
2019-09-04 16:15:24.517 [localhost-startStop-1] INFO  o.a.c.core.ContainerBase.[Tomcat].[localhost].[/] - Initializing Spring embedded WebApplicationContext
2019-09-04 16:15:24.518 [localhost-startStop-1] INFO  org.springframework.web.context.ContextLoader - Root WebApplicationContext: initialization completed in 6752 ms
2019-09-04 16:15:24.743 [localhost-startStop-1] INFO  o.s.boot.web.servlet.ServletRegistrationBean - Servlet dispatcherServlet mapped to [/]
2019-09-04 16:15:24.750 [localhost-startStop-1] INFO  o.s.boot.web.servlet.FilterRegistrationBean - Mapping filter: 'characterEncodingFilter' to: [/*]
2019-09-04 16:15:24.751 [localhost-startStop-1] INFO  o.s.boot.web.servlet.FilterRegistrationBean - Mapping filter: 'hiddenHttpMethodFilter' to: [/*]
2019-09-04 16:15:24.751 [localhost-startStop-1] INFO  o.s.boot.web.servlet.FilterRegistrationBean - Mapping filter: 'httpPutFormContentFilter' to: [/*]
2019-09-04 16:15:24.751 [localhost-startStop-1] INFO  o.s.boot.web.servlet.FilterRegistrationBean - Mapping filter: 'requestContextFilter' to: [/*]
2019-09-04 16:15:25.217 [main] INFO  com.zaxxer.hikari.HikariDataSource - HikariPool-1 - Starting...
2019-09-04 16:15:25.580 [main] INFO  com.zaxxer.hikari.HikariDataSource - HikariPool-1 - Start completed.
2019-09-04 16:15:25.875 [main] INFO  o.s.orm.jpa.LocalContainerEntityManagerFactoryBean - Building JPA container EntityManagerFactory for persistence unit 'default'
2019-09-04 16:15:26.036 [main] INFO  org.hibernate.jpa.internal.util.LogHelper - HHH000204: Processing PersistenceUnitInfo [
	name: default
	...]
2019-09-04 16:15:26.719 [main] INFO  org.hibernate.Version - HHH000412: Hibernate Core {5.2.17.Final}
2019-09-04 16:15:26.722 [main] INFO  org.hibernate.cfg.Environment - HHH000206: hibernate.properties not found
2019-09-04 16:15:26.982 [main] INFO  org.hibernate.annotations.common.Version - HCANN000001: Hibernate Commons Annotations {5.0.1.Final}
2019-09-04 16:15:28.623 [main] INFO  org.hibernate.dialect.Dialect - HHH000400: Using dialect: org.hibernate.dialect.MySQL5Dialect
2019-09-04 16:15:29.237 [main] INFO  o.s.orm.jpa.LocalContainerEntityManagerFactoryBean - Initialized JPA EntityManagerFactory for persistence unit 'default'
2019-09-04 16:15:29.476 [main] INFO  o.s.web.servlet.handler.SimpleUrlHandlerMapping - Mapped URL path [/**/favicon.ico] onto handler of type [class org.springframework.web.servlet.resource.ResourceHttpRequestHandler]
2019-09-04 16:15:30.036 [main] INFO  o.s.w.s.m.m.a.RequestMappingHandlerAdapter - Looking for @ControllerAdvice: org.springframework.boot.web.servlet.context.AnnotationConfigServletWebServerApplicationContext@628c4ac0: startup date [Wed Sep 04 16:15:17 CST 2019]; root of context hierarchy
2019-09-04 16:15:30.085 [main] WARN  o.s.b.a.o.j.JpaBaseConfiguration$JpaWebConfiguration$JpaWebMvcConfiguration - spring.jpa.open-in-view is enabled by default. Therefore, database queries may be performed during view rendering. Explicitly configure spring.jpa.open-in-view to disable this warning
2019-09-04 16:15:30.169 [main] INFO  o.s.w.s.m.m.a.RequestMappingHandlerMapping - Mapped "{[/error]}" onto public org.springframework.http.ResponseEntity<java.util.Map<java.lang.String, java.lang.Object>> org.springframework.boot.autoconfigure.web.servlet.error.BasicErrorController.error(javax.servlet.http.HttpServletRequest)
2019-09-04 16:15:30.171 [main] INFO  o.s.w.s.m.m.a.RequestMappingHandlerMapping - Mapped "{[/error],produces=[text/html]}" onto public org.springframework.web.servlet.ModelAndView org.springframework.boot.autoconfigure.web.servlet.error.BasicErrorController.errorHtml(javax.servlet.http.HttpServletRequest,javax.servlet.http.HttpServletResponse)
2019-09-04 16:15:30.213 [main] INFO  o.s.web.servlet.handler.SimpleUrlHandlerMapping - Mapped URL path [/webjars/**] onto handler of type [class org.springframework.web.servlet.resource.ResourceHttpRequestHandler]
2019-09-04 16:15:30.213 [main] INFO  o.s.web.servlet.handler.SimpleUrlHandlerMapping - Mapped URL path [/**] onto handler of type [class org.springframework.web.servlet.resource.ResourceHttpRequestHandler]
2019-09-04 16:15:32.270 [main] INFO  o.s.jmx.export.annotation.AnnotationMBeanExporter - Registering beans for JMX exposure on startup
2019-09-04 16:15:32.272 [main] INFO  o.s.jmx.export.annotation.AnnotationMBeanExporter - Bean with name 'dataSource' has been autodetected for JMX exposure
2019-09-04 16:15:32.280 [main] INFO  o.s.jmx.export.annotation.AnnotationMBeanExporter - Located MBean 'dataSource': registering with JMX server as MBean [com.zaxxer.hikari:name=dataSource,type=HikariDataSource]
2019-09-04 16:15:32.317 [main] INFO  org.apache.coyote.http11.Http11NioProtocol - Starting ProtocolHandler ["http-nio-8012"]
2019-09-04 16:15:32.330 [main] INFO  org.apache.tomcat.util.net.NioSelectorPool - Using a shared selector for servlet write/read
2019-09-04 16:15:32.370 [main] INFO  o.s.boot.web.embedded.tomcat.TomcatWebServer - Tomcat started on port(s): 8012 (http) with context path ''
2019-09-04 16:15:32.384 [main] INFO  com.face.generator.GeneratorApplication - Started GeneratorApplication in 17.951 seconds (JVM running for 21.657)
2019-09-04 16:15:32.473 [main] INFO  o.s.b.w.s.c.AnnotationConfigServletWebServerApplicationContext - Closing org.springframework.boot.web.servlet.context.AnnotationConfigServletWebServerApplicationContext@628c4ac0: startup date [Wed Sep 04 16:15:17 CST 2019]; root of context hierarchy
2019-09-04 16:15:32.475 [main] INFO  o.s.jmx.export.annotation.AnnotationMBeanExporter - Unregistering JMX-exposed beans on shutdown
2019-09-04 16:15:32.476 [main] INFO  o.s.jmx.export.annotation.AnnotationMBeanExporter - Unregistering JMX-exposed beans
2019-09-04 16:15:32.478 [main] INFO  o.s.orm.jpa.LocalContainerEntityManagerFactoryBean - Closing JPA EntityManagerFactory for persistence unit 'default'
2019-09-04 16:15:32.480 [main] INFO  com.zaxxer.hikari.HikariDataSource - HikariPool-1 - Shutdown initiated...
2019-09-04 16:15:32.497 [main] INFO  com.zaxxer.hikari.HikariDataSource - HikariPool-1 - Shutdown completed.
2019-09-04 17:00:01.417 [main] INFO  com.face.generator.GeneratorApplication - Starting GeneratorApplication on LAPTOP-TGN4T61P with PID 20328 (G:\app\github\theFace\face-java\target\classes started by FHX in G:\app\github\theFace\face-java)
2019-09-04 17:00:01.460 [main] INFO  com.face.generator.GeneratorApplication - No active profile set, falling back to default profiles: default
2019-09-04 17:00:01.558 [main] INFO  o.s.b.w.s.c.AnnotationConfigServletWebServerApplicationContext - Refreshing org.springframework.boot.web.servlet.context.AnnotationConfigServletWebServerApplicationContext@3e7dd664: startup date [Wed Sep 04 17:00:01 CST 2019]; root of context hierarchy
2019-09-04 17:00:02.712 [main] INFO  o.s.c.s.PostProcessorRegistrationDelegate$BeanPostProcessorChecker - Bean 'org.springframework.transaction.annotation.ProxyTransactionManagementConfiguration' of type [org.springframework.transaction.annotation.ProxyTransactionManagementConfiguration$$EnhancerBySpringCGLIB$$c6007d27] is not eligible for getting processed by all BeanPostProcessors (for example: not eligible for auto-proxying)
2019-09-04 17:00:03.063 [main] INFO  o.s.boot.web.embedded.tomcat.TomcatWebServer - Tomcat initialized with port(s): 8012 (http)
2019-09-04 17:00:03.080 [main] INFO  org.apache.coyote.http11.Http11NioProtocol - Initializing ProtocolHandler ["http-nio-8012"]
2019-09-04 17:00:03.092 [main] INFO  org.apache.catalina.core.StandardService - Starting service [Tomcat]
2019-09-04 17:00:03.093 [main] INFO  org.apache.catalina.core.StandardEngine - Starting Servlet Engine: Apache Tomcat/8.5.31
2019-09-04 17:00:03.098 [localhost-startStop-1] INFO  org.apache.catalina.core.AprLifecycleListener - The APR based Apache Tomcat Native library which allows optimal performance in production environments was not found on the java.library.path: [C:\Program Files\Java\jdk1.8.0_161\bin;C:\WINDOWS\Sun\Java\bin;C:\WINDOWS\system32;C:\WINDOWS;D:\Java\IntelliJ IDEA 2019.2\jbr\\bin;D:\Java\IntelliJ IDEA 2019.2\jbr\\bin\server;C:\Program Files (x86)\NetSarang\Xshell 6\;C:\Program Files (x86)\NetSarang\Xftp 6\;D:\IDE\oracle\product\11.2.0\dbhome_1\bin;C:\Program Files\Java\jdk1.8.0_161\bin;C:\Program Files\Java\jdk1.8.0_161\jre\bin;E:\BaiduNetdiskDownload\adb;D:\program\platform\PHP\php-7.2.2;D:\Node\;D:\tools\Git\cmd\;C:\Program Files (x86)\Microsoft Visual Studio 11.0\VC\bin;C:\Program Files (x86)\Microsoft SQL Server\90\Tools\binn\;C:\WINDOWS\system32;C:\Program Files (x86)\Windows Kits\8.1\Windows Performance Toolkit\;C:\WINDOWS\system32\config\systemprofile\.dnx\bin;C:\Program Files\Microsoft DNX\Dnvm\;C:\Program Files\Microsoft SQL Server\130\Tools\Binn\;D:\IDE\python;D:\IDE\python\Scripts;C:\WINDOWS;C:\WINDOWS\System32\Wbem;C:\WINDOWS\System32\WindowsPowerShell\v1.0\;C:\WINDOWS\System32\OpenSSH\;G:\packages\apache-maven-3.5.4-bin\apache-maven-3.5.4\bin;D:\IDE\SQL\SQLserver\110\Tools\Binn\;D:\IDE\SQL\SQLserver\130\Tools\Binn\;D:\IDE\SQL\SQLserver2\Client SDK\ODBC\130\Tools\Binn\;D:\IDE\SQL\SQLserver2\140\Tools\Binn\;D:\IDE\SQL\SQLserver2\140\DTS\Binn\;D:\IDE\SQL\SQLserver2\140\Tools\Binn\ManagementStudio\;D:\software\Mongodb\Server\4.0.5\bin;C:\Program Files\Pandoc\;c:\Users\FHX\AppData\Local\Android\Sdk\platform-tools;F:\FDownload\flutter\bin;D:\software\Cmake\bin;G:\openCV\OpenCV2.4.11\OpenCV2.4.11\build\x86\vc12\bin;D:\IDE\Microsoft VS Code\bin;D:\Java\protoc-3.6.1-win32\bin;D:\software\putty\;F:\Tools\WinNT;F:\MSDev98\Bin;F:\Tools;F:\VC98\bin;C:\Users\FHX\AppData\Local\Microsoft\WindowsApps;C:\Users\FHX\AppData\Local\GitHubDesktop\bin;E:\BaiduNetdiskDownload\adb;D:\program\platform\PHP\php-7.2.2;C:\Users\FHX\AppData\Roaming\npm;D:\IDE\Microsoft VS Code\bin;D:\software\Bandizip\;D:\Java\IntelliJ IDEA 2018.3\bin;;D:\software\Microsoft VS Code\bin;;.]
2019-09-04 17:00:03.231 [localhost-startStop-1] INFO  o.a.c.core.ContainerBase.[Tomcat].[localhost].[/] - Initializing Spring embedded WebApplicationContext
2019-09-04 17:00:03.231 [localhost-startStop-1] INFO  org.springframework.web.context.ContextLoader - Root WebApplicationContext: initialization completed in 1673 ms
2019-09-04 17:00:03.406 [localhost-startStop-1] INFO  o.s.boot.web.servlet.ServletRegistrationBean - Servlet dispatcherServlet mapped to [/]
2019-09-04 17:00:03.410 [localhost-startStop-1] INFO  o.s.boot.web.servlet.FilterRegistrationBean - Mapping filter: 'characterEncodingFilter' to: [/*]
2019-09-04 17:00:03.411 [localhost-startStop-1] INFO  o.s.boot.web.servlet.FilterRegistrationBean - Mapping filter: 'hiddenHttpMethodFilter' to: [/*]
2019-09-04 17:00:03.411 [localhost-startStop-1] INFO  o.s.boot.web.servlet.FilterRegistrationBean - Mapping filter: 'httpPutFormContentFilter' to: [/*]
2019-09-04 17:00:03.411 [localhost-startStop-1] INFO  o.s.boot.web.servlet.FilterRegistrationBean - Mapping filter: 'requestContextFilter' to: [/*]
2019-09-04 17:00:03.573 [main] INFO  com.zaxxer.hikari.HikariDataSource - HikariPool-1 - Starting...
2019-09-04 17:00:03.780 [main] INFO  com.zaxxer.hikari.HikariDataSource - HikariPool-1 - Start completed.
2019-09-04 17:00:03.839 [main] INFO  o.s.orm.jpa.LocalContainerEntityManagerFactoryBean - Building JPA container EntityManagerFactory for persistence unit 'default'
2019-09-04 17:00:03.855 [main] INFO  org.hibernate.jpa.internal.util.LogHelper - HHH000204: Processing PersistenceUnitInfo [
	name: default
	...]
2019-09-04 17:00:04.023 [main] INFO  org.hibernate.Version - HHH000412: Hibernate Core {5.2.17.Final}
2019-09-04 17:00:04.025 [main] INFO  org.hibernate.cfg.Environment - HHH000206: hibernate.properties not found
2019-09-04 17:00:04.095 [main] INFO  org.hibernate.annotations.common.Version - HCANN000001: Hibernate Commons Annotations {5.0.1.Final}
2019-09-04 17:00:05.191 [main] INFO  org.hibernate.dialect.Dialect - HHH000400: Using dialect: org.hibernate.dialect.MySQL5Dialect
2019-09-04 17:00:05.441 [main] INFO  o.s.orm.jpa.LocalContainerEntityManagerFactoryBean - Initialized JPA EntityManagerFactory for persistence unit 'default'
2019-09-04 17:00:05.574 [main] INFO  o.s.web.servlet.handler.SimpleUrlHandlerMapping - Mapped URL path [/**/favicon.ico] onto handler of type [class org.springframework.web.servlet.resource.ResourceHttpRequestHandler]
2019-09-04 17:00:05.917 [main] INFO  o.s.w.s.m.m.a.RequestMappingHandlerAdapter - Looking for @ControllerAdvice: org.springframework.boot.web.servlet.context.AnnotationConfigServletWebServerApplicationContext@3e7dd664: startup date [Wed Sep 04 17:00:01 CST 2019]; root of context hierarchy
2019-09-04 17:00:05.950 [main] WARN  o.s.b.a.o.j.JpaBaseConfiguration$JpaWebConfiguration$JpaWebMvcConfiguration - spring.jpa.open-in-view is enabled by default. Therefore, database queries may be performed during view rendering. Explicitly configure spring.jpa.open-in-view to disable this warning
2019-09-04 17:00:05.999 [main] INFO  o.s.w.s.m.m.a.RequestMappingHandlerMapping - Mapped "{[/error]}" onto public org.springframework.http.ResponseEntity<java.util.Map<java.lang.String, java.lang.Object>> org.springframework.boot.autoconfigure.web.servlet.error.BasicErrorController.error(javax.servlet.http.HttpServletRequest)
2019-09-04 17:00:06.000 [main] INFO  o.s.w.s.m.m.a.RequestMappingHandlerMapping - Mapped "{[/error],produces=[text/html]}" onto public org.springframework.web.servlet.ModelAndView org.springframework.boot.autoconfigure.web.servlet.error.BasicErrorController.errorHtml(javax.servlet.http.HttpServletRequest,javax.servlet.http.HttpServletResponse)
2019-09-04 17:00:06.040 [main] INFO  o.s.web.servlet.handler.SimpleUrlHandlerMapping - Mapped URL path [/webjars/**] onto handler of type [class org.springframework.web.servlet.resource.ResourceHttpRequestHandler]
2019-09-04 17:00:06.040 [main] INFO  o.s.web.servlet.handler.SimpleUrlHandlerMapping - Mapped URL path [/**] onto handler of type [class org.springframework.web.servlet.resource.ResourceHttpRequestHandler]
2019-09-04 17:00:06.960 [main] INFO  o.s.jmx.export.annotation.AnnotationMBeanExporter - Registering beans for JMX exposure on startup
2019-09-04 17:00:06.962 [main] INFO  o.s.jmx.export.annotation.AnnotationMBeanExporter - Bean with name 'dataSource' has been autodetected for JMX exposure
2019-09-04 17:00:06.969 [main] INFO  o.s.jmx.export.annotation.AnnotationMBeanExporter - Located MBean 'dataSource': registering with JMX server as MBean [com.zaxxer.hikari:name=dataSource,type=HikariDataSource]
2019-09-04 17:00:06.983 [main] INFO  org.apache.coyote.http11.Http11NioProtocol - Starting ProtocolHandler ["http-nio-8012"]
2019-09-04 17:00:06.993 [main] INFO  org.apache.tomcat.util.net.NioSelectorPool - Using a shared selector for servlet write/read
2019-09-04 17:00:07.012 [main] INFO  o.s.boot.web.embedded.tomcat.TomcatWebServer - Tomcat started on port(s): 8012 (http) with context path ''
2019-09-04 17:00:07.017 [main] INFO  com.face.generator.GeneratorApplication - Started GeneratorApplication in 6.325 seconds (JVM running for 7.637)
2019-09-04 17:00:07.073 [main] INFO  o.s.b.w.s.c.AnnotationConfigServletWebServerApplicationContext - Closing org.springframework.boot.web.servlet.context.AnnotationConfigServletWebServerApplicationContext@3e7dd664: startup date [Wed Sep 04 17:00:01 CST 2019]; root of context hierarchy
2019-09-04 17:00:07.075 [main] INFO  o.s.jmx.export.annotation.AnnotationMBeanExporter - Unregistering JMX-exposed beans on shutdown
2019-09-04 17:00:07.075 [main] INFO  o.s.jmx.export.annotation.AnnotationMBeanExporter - Unregistering JMX-exposed beans
2019-09-04 17:00:07.076 [main] INFO  o.s.orm.jpa.LocalContainerEntityManagerFactoryBean - Closing JPA EntityManagerFactory for persistence unit 'default'
2019-09-04 17:00:07.077 [main] INFO  com.zaxxer.hikari.HikariDataSource - HikariPool-1 - Shutdown initiated...
2019-09-04 17:00:07.083 [main] INFO  com.zaxxer.hikari.HikariDataSource - HikariPool-1 - Shutdown completed.
2019-09-04 21:36:08.754 [main] INFO  com.face.generator.GeneratorApplication - Starting GeneratorApplication on LAPTOP-TGN4T61P with PID 12060 (G:\app\github\theFace\face-java\target\classes started by FHX in G:\app\github\theFace\face-java)
2019-09-04 21:36:08.821 [main] INFO  com.face.generator.GeneratorApplication - No active profile set, falling back to default profiles: default
2019-09-04 21:36:09.229 [main] INFO  o.s.b.w.s.c.AnnotationConfigServletWebServerApplicationContext - Refreshing org.springframework.boot.web.servlet.context.AnnotationConfigServletWebServerApplicationContext@49d3c823: startup date [Wed Sep 04 21:36:09 CST 2019]; root of context hierarchy
2019-09-04 21:36:13.505 [main] INFO  o.s.c.s.PostProcessorRegistrationDelegate$BeanPostProcessorChecker - Bean 'org.springframework.transaction.annotation.ProxyTransactionManagementConfiguration' of type [org.springframework.transaction.annotation.ProxyTransactionManagementConfiguration$$EnhancerBySpringCGLIB$$acdcfdd6] is not eligible for getting processed by all BeanPostProcessors (for example: not eligible for auto-proxying)
2019-09-04 21:36:14.122 [main] INFO  o.s.boot.web.embedded.tomcat.TomcatWebServer - Tomcat initialized with port(s): 8012 (http)
2019-09-04 21:36:14.140 [main] INFO  org.apache.coyote.http11.Http11NioProtocol - Initializing ProtocolHandler ["http-nio-8012"]
2019-09-04 21:36:14.176 [main] INFO  org.apache.catalina.core.StandardService - Starting service [Tomcat]
2019-09-04 21:36:14.177 [main] INFO  org.apache.catalina.core.StandardEngine - Starting Servlet Engine: Apache Tomcat/8.5.31
2019-09-04 21:36:14.188 [localhost-startStop-1] INFO  org.apache.catalina.core.AprLifecycleListener - The APR based Apache Tomcat Native library which allows optimal performance in production environments was not found on the java.library.path: [C:\Program Files\Java\jdk1.8.0_161\bin;C:\WINDOWS\Sun\Java\bin;C:\WINDOWS\system32;C:\WINDOWS;D:\Java\IntelliJ IDEA 2019.2\jbr\\bin;D:\Java\IntelliJ IDEA 2019.2\jbr\\bin\server;C:\Program Files (x86)\NetSarang\Xshell 6\;C:\Program Files (x86)\NetSarang\Xftp 6\;D:\IDE\oracle\product\11.2.0\dbhome_1\bin;C:\Program Files\Java\jdk1.8.0_161\bin;C:\Program Files\Java\jdk1.8.0_161\jre\bin;E:\BaiduNetdiskDownload\adb;D:\program\platform\PHP\php-7.2.2;D:\Node\;D:\tools\Git\cmd\;C:\Program Files (x86)\Microsoft Visual Studio 11.0\VC\bin;C:\Program Files (x86)\Microsoft SQL Server\90\Tools\binn\;C:\WINDOWS\system32;C:\Program Files (x86)\Windows Kits\8.1\Windows Performance Toolkit\;C:\WINDOWS\system32\config\systemprofile\.dnx\bin;C:\Program Files\Microsoft DNX\Dnvm\;C:\Program Files\Microsoft SQL Server\130\Tools\Binn\;D:\IDE\python;D:\IDE\python\Scripts;C:\WINDOWS;C:\WINDOWS\System32\Wbem;C:\WINDOWS\System32\WindowsPowerShell\v1.0\;C:\WINDOWS\System32\OpenSSH\;G:\packages\apache-maven-3.5.4-bin\apache-maven-3.5.4\bin;D:\IDE\SQL\SQLserver\110\Tools\Binn\;D:\IDE\SQL\SQLserver\130\Tools\Binn\;D:\IDE\SQL\SQLserver2\Client SDK\ODBC\130\Tools\Binn\;D:\IDE\SQL\SQLserver2\140\Tools\Binn\;D:\IDE\SQL\SQLserver2\140\DTS\Binn\;D:\IDE\SQL\SQLserver2\140\Tools\Binn\ManagementStudio\;D:\software\Mongodb\Server\4.0.5\bin;C:\Program Files\Pandoc\;c:\Users\FHX\AppData\Local\Android\Sdk\platform-tools;F:\FDownload\flutter\bin;D:\software\Cmake\bin;G:\openCV\OpenCV2.4.11\OpenCV2.4.11\build\x86\vc12\bin;D:\IDE\Microsoft VS Code\bin;D:\Java\protoc-3.6.1-win32\bin;D:\software\putty\;F:\Tools\WinNT;F:\MSDev98\Bin;F:\Tools;F:\VC98\bin;C:\Users\FHX\AppData\Local\Microsoft\WindowsApps;C:\Users\FHX\AppData\Local\GitHubDesktop\bin;E:\BaiduNetdiskDownload\adb;D:\program\platform\PHP\php-7.2.2;C:\Users\FHX\AppData\Roaming\npm;D:\IDE\Microsoft VS Code\bin;D:\software\Bandizip\;D:\Java\IntelliJ IDEA 2018.3\bin;;D:\software\Microsoft VS Code\bin;;.]
2019-09-04 21:36:14.385 [localhost-startStop-1] INFO  o.a.c.core.ContainerBase.[Tomcat].[localhost].[/] - Initializing Spring embedded WebApplicationContext
2019-09-04 21:36:14.386 [localhost-startStop-1] INFO  org.springframework.web.context.ContextLoader - Root WebApplicationContext: initialization completed in 5157 ms
2019-09-04 21:36:14.712 [localhost-startStop-1] INFO  o.s.boot.web.servlet.ServletRegistrationBean - Servlet dispatcherServlet mapped to [/]
2019-09-04 21:36:14.733 [localhost-startStop-1] INFO  o.s.boot.web.servlet.FilterRegistrationBean - Mapping filter: 'characterEncodingFilter' to: [/*]
2019-09-04 21:36:14.734 [localhost-startStop-1] INFO  o.s.boot.web.servlet.FilterRegistrationBean - Mapping filter: 'hiddenHttpMethodFilter' to: [/*]
2019-09-04 21:36:14.734 [localhost-startStop-1] INFO  o.s.boot.web.servlet.FilterRegistrationBean - Mapping filter: 'httpPutFormContentFilter' to: [/*]
2019-09-04 21:36:14.734 [localhost-startStop-1] INFO  o.s.boot.web.servlet.FilterRegistrationBean - Mapping filter: 'requestContextFilter' to: [/*]
2019-09-04 21:36:15.514 [main] INFO  com.zaxxer.hikari.HikariDataSource - HikariPool-1 - Starting...
2019-09-04 21:36:15.858 [main] INFO  com.zaxxer.hikari.HikariDataSource - HikariPool-1 - Start completed.
2019-09-04 21:36:16.062 [main] INFO  o.s.orm.jpa.LocalContainerEntityManagerFactoryBean - Building JPA container EntityManagerFactory for persistence unit 'default'
2019-09-04 21:36:16.202 [main] INFO  org.hibernate.jpa.internal.util.LogHelper - HHH000204: Processing PersistenceUnitInfo [
	name: default
	...]
2019-09-04 21:36:16.325 [main] INFO  org.hibernate.Version - HHH000412: Hibernate Core {5.2.17.Final}
2019-09-04 21:36:16.327 [main] INFO  org.hibernate.cfg.Environment - HHH000206: hibernate.properties not found
2019-09-04 21:36:16.437 [main] INFO  org.hibernate.annotations.common.Version - HCANN000001: Hibernate Commons Annotations {5.0.1.Final}
2019-09-04 21:36:18.166 [main] INFO  org.hibernate.dialect.Dialect - HHH000400: Using dialect: org.hibernate.dialect.MySQL5Dialect
2019-09-04 21:36:18.515 [main] INFO  o.s.orm.jpa.LocalContainerEntityManagerFactoryBean - Initialized JPA EntityManagerFactory for persistence unit 'default'
2019-09-04 21:36:18.665 [main] INFO  o.s.web.servlet.handler.SimpleUrlHandlerMapping - Mapped URL path [/**/favicon.ico] onto handler of type [class org.springframework.web.servlet.resource.ResourceHttpRequestHandler]
2019-09-04 21:36:19.164 [main] INFO  o.s.w.s.m.m.a.RequestMappingHandlerAdapter - Looking for @ControllerAdvice: org.springframework.boot.web.servlet.context.AnnotationConfigServletWebServerApplicationContext@49d3c823: startup date [Wed Sep 04 21:36:09 CST 2019]; root of context hierarchy
2019-09-04 21:36:19.219 [main] WARN  o.s.b.a.o.j.JpaBaseConfiguration$JpaWebConfiguration$JpaWebMvcConfiguration - spring.jpa.open-in-view is enabled by default. Therefore, database queries may be performed during view rendering. Explicitly configure spring.jpa.open-in-view to disable this warning
2019-09-04 21:36:19.297 [main] INFO  o.s.w.s.m.m.a.RequestMappingHandlerMapping - Mapped "{[/error]}" onto public org.springframework.http.ResponseEntity<java.util.Map<java.lang.String, java.lang.Object>> org.springframework.boot.autoconfigure.web.servlet.error.BasicErrorController.error(javax.servlet.http.HttpServletRequest)
2019-09-04 21:36:19.299 [main] INFO  o.s.w.s.m.m.a.RequestMappingHandlerMapping - Mapped "{[/error],produces=[text/html]}" onto public org.springframework.web.servlet.ModelAndView org.springframework.boot.autoconfigure.web.servlet.error.BasicErrorController.errorHtml(javax.servlet.http.HttpServletRequest,javax.servlet.http.HttpServletResponse)
2019-09-04 21:36:19.336 [main] INFO  o.s.web.servlet.handler.SimpleUrlHandlerMapping - Mapped URL path [/webjars/**] onto handler of type [class org.springframework.web.servlet.resource.ResourceHttpRequestHandler]
2019-09-04 21:36:19.336 [main] INFO  o.s.web.servlet.handler.SimpleUrlHandlerMapping - Mapped URL path [/**] onto handler of type [class org.springframework.web.servlet.resource.ResourceHttpRequestHandler]
2019-09-04 21:36:21.013 [main] INFO  o.s.jmx.export.annotation.AnnotationMBeanExporter - Registering beans for JMX exposure on startup
2019-09-04 21:36:21.014 [main] INFO  o.s.jmx.export.annotation.AnnotationMBeanExporter - Bean with name 'dataSource' has been autodetected for JMX exposure
2019-09-04 21:36:21.020 [main] INFO  o.s.jmx.export.annotation.AnnotationMBeanExporter - Located MBean 'dataSource': registering with JMX server as MBean [com.zaxxer.hikari:name=dataSource,type=HikariDataSource]
2019-09-04 21:36:21.053 [main] INFO  org.apache.coyote.http11.Http11NioProtocol - Starting ProtocolHandler ["http-nio-8012"]
2019-09-04 21:36:21.067 [main] INFO  org.apache.tomcat.util.net.NioSelectorPool - Using a shared selector for servlet write/read
2019-09-04 21:36:21.105 [main] INFO  o.s.boot.web.embedded.tomcat.TomcatWebServer - Tomcat started on port(s): 8012 (http) with context path ''
2019-09-04 21:36:21.120 [main] INFO  com.face.generator.GeneratorApplication - Started GeneratorApplication in 15.292 seconds (JVM running for 18.3)
2019-09-04 21:36:21.235 [main] INFO  o.s.b.w.s.c.AnnotationConfigServletWebServerApplicationContext - Closing org.springframework.boot.web.servlet.context.AnnotationConfigServletWebServerApplicationContext@49d3c823: startup date [Wed Sep 04 21:36:09 CST 2019]; root of context hierarchy
2019-09-04 21:36:21.237 [main] INFO  o.s.jmx.export.annotation.AnnotationMBeanExporter - Unregistering JMX-exposed beans on shutdown
2019-09-04 21:36:21.238 [main] INFO  o.s.jmx.export.annotation.AnnotationMBeanExporter - Unregistering JMX-exposed beans
2019-09-04 21:36:21.239 [main] INFO  o.s.orm.jpa.LocalContainerEntityManagerFactoryBean - Closing JPA EntityManagerFactory for persistence unit 'default'
2019-09-04 21:36:21.239 [main] INFO  com.zaxxer.hikari.HikariDataSource - HikariPool-1 - Shutdown initiated...
2019-09-04 21:36:21.247 [main] INFO  com.zaxxer.hikari.HikariDataSource - HikariPool-1 - Shutdown completed.
2019-09-04 21:37:17.049 [main] INFO  com.face.generator.GeneratorApplication - Starting GeneratorApplication on LAPTOP-TGN4T61P with PID 14060 (G:\app\github\theFace\face-java\target\classes started by FHX in G:\app\github\theFace\face-java)
2019-09-04 21:37:17.055 [main] INFO  com.face.generator.GeneratorApplication - No active profile set, falling back to default profiles: default
2019-09-04 21:37:17.185 [main] INFO  o.s.b.w.s.c.AnnotationConfigServletWebServerApplicationContext - Refreshing org.springframework.boot.web.servlet.context.AnnotationConfigServletWebServerApplicationContext@2c78d320: startup date [Wed Sep 04 21:37:17 CST 2019]; root of context hierarchy
2019-09-04 21:37:18.362 [main] INFO  o.s.c.s.PostProcessorRegistrationDelegate$BeanPostProcessorChecker - Bean 'org.springframework.transaction.annotation.ProxyTransactionManagementConfiguration' of type [org.springframework.transaction.annotation.ProxyTransactionManagementConfiguration$$EnhancerBySpringCGLIB$$c21db9fe] is not eligible for getting processed by all BeanPostProcessors (for example: not eligible for auto-proxying)
2019-09-04 21:37:18.690 [main] INFO  o.s.boot.web.embedded.tomcat.TomcatWebServer - Tomcat initialized with port(s): 8012 (http)
2019-09-04 21:37:18.708 [main] INFO  org.apache.coyote.http11.Http11NioProtocol - Initializing ProtocolHandler ["http-nio-8012"]
2019-09-04 21:37:18.722 [main] INFO  org.apache.catalina.core.StandardService - Starting service [Tomcat]
2019-09-04 21:37:18.723 [main] INFO  org.apache.catalina.core.StandardEngine - Starting Servlet Engine: Apache Tomcat/8.5.31
2019-09-04 21:37:18.728 [localhost-startStop-1] INFO  org.apache.catalina.core.AprLifecycleListener - The APR based Apache Tomcat Native library which allows optimal performance in production environments was not found on the java.library.path: [C:\Program Files\Java\jdk1.8.0_161\bin;C:\WINDOWS\Sun\Java\bin;C:\WINDOWS\system32;C:\WINDOWS;D:\Java\IntelliJ IDEA 2019.2\jbr\\bin;D:\Java\IntelliJ IDEA 2019.2\jbr\\bin\server;C:\Program Files (x86)\NetSarang\Xshell 6\;C:\Program Files (x86)\NetSarang\Xftp 6\;D:\IDE\oracle\product\11.2.0\dbhome_1\bin;C:\Program Files\Java\jdk1.8.0_161\bin;C:\Program Files\Java\jdk1.8.0_161\jre\bin;E:\BaiduNetdiskDownload\adb;D:\program\platform\PHP\php-7.2.2;D:\Node\;D:\tools\Git\cmd\;C:\Program Files (x86)\Microsoft Visual Studio 11.0\VC\bin;C:\Program Files (x86)\Microsoft SQL Server\90\Tools\binn\;C:\WINDOWS\system32;C:\Program Files (x86)\Windows Kits\8.1\Windows Performance Toolkit\;C:\WINDOWS\system32\config\systemprofile\.dnx\bin;C:\Program Files\Microsoft DNX\Dnvm\;C:\Program Files\Microsoft SQL Server\130\Tools\Binn\;D:\IDE\python;D:\IDE\python\Scripts;C:\WINDOWS;C:\WINDOWS\System32\Wbem;C:\WINDOWS\System32\WindowsPowerShell\v1.0\;C:\WINDOWS\System32\OpenSSH\;G:\packages\apache-maven-3.5.4-bin\apache-maven-3.5.4\bin;D:\IDE\SQL\SQLserver\110\Tools\Binn\;D:\IDE\SQL\SQLserver\130\Tools\Binn\;D:\IDE\SQL\SQLserver2\Client SDK\ODBC\130\Tools\Binn\;D:\IDE\SQL\SQLserver2\140\Tools\Binn\;D:\IDE\SQL\SQLserver2\140\DTS\Binn\;D:\IDE\SQL\SQLserver2\140\Tools\Binn\ManagementStudio\;D:\software\Mongodb\Server\4.0.5\bin;C:\Program Files\Pandoc\;c:\Users\FHX\AppData\Local\Android\Sdk\platform-tools;F:\FDownload\flutter\bin;D:\software\Cmake\bin;G:\openCV\OpenCV2.4.11\OpenCV2.4.11\build\x86\vc12\bin;D:\IDE\Microsoft VS Code\bin;D:\Java\protoc-3.6.1-win32\bin;D:\software\putty\;F:\Tools\WinNT;F:\MSDev98\Bin;F:\Tools;F:\VC98\bin;C:\Users\FHX\AppData\Local\Microsoft\WindowsApps;C:\Users\FHX\AppData\Local\GitHubDesktop\bin;E:\BaiduNetdiskDownload\adb;D:\program\platform\PHP\php-7.2.2;C:\Users\FHX\AppData\Roaming\npm;D:\IDE\Microsoft VS Code\bin;D:\software\Bandizip\;D:\Java\IntelliJ IDEA 2018.3\bin;;D:\software\Microsoft VS Code\bin;;.]
2019-09-04 21:37:18.858 [localhost-startStop-1] INFO  o.a.c.core.ContainerBase.[Tomcat].[localhost].[/] - Initializing Spring embedded WebApplicationContext
2019-09-04 21:37:18.858 [localhost-startStop-1] INFO  org.springframework.web.context.ContextLoader - Root WebApplicationContext: initialization completed in 1673 ms
2019-09-04 21:37:19.018 [localhost-startStop-1] INFO  o.s.boot.web.servlet.ServletRegistrationBean - Servlet dispatcherServlet mapped to [/]
2019-09-04 21:37:19.024 [localhost-startStop-1] INFO  o.s.boot.web.servlet.FilterRegistrationBean - Mapping filter: 'characterEncodingFilter' to: [/*]
2019-09-04 21:37:19.024 [localhost-startStop-1] INFO  o.s.boot.web.servlet.FilterRegistrationBean - Mapping filter: 'hiddenHttpMethodFilter' to: [/*]
2019-09-04 21:37:19.024 [localhost-startStop-1] INFO  o.s.boot.web.servlet.FilterRegistrationBean - Mapping filter: 'httpPutFormContentFilter' to: [/*]
2019-09-04 21:37:19.024 [localhost-startStop-1] INFO  o.s.boot.web.servlet.FilterRegistrationBean - Mapping filter: 'requestContextFilter' to: [/*]
2019-09-04 21:37:19.188 [main] INFO  com.zaxxer.hikari.HikariDataSource - HikariPool-1 - Starting...
2019-09-04 21:37:19.394 [main] INFO  com.zaxxer.hikari.HikariDataSource - HikariPool-1 - Start completed.
2019-09-04 21:37:19.442 [main] INFO  o.s.orm.jpa.LocalContainerEntityManagerFactoryBean - Building JPA container EntityManagerFactory for persistence unit 'default'
2019-09-04 21:37:19.454 [main] INFO  org.hibernate.jpa.internal.util.LogHelper - HHH000204: Processing PersistenceUnitInfo [
	name: default
	...]
2019-09-04 21:37:19.627 [main] INFO  org.hibernate.Version - HHH000412: Hibernate Core {5.2.17.Final}
2019-09-04 21:37:19.629 [main] INFO  org.hibernate.cfg.Environment - HHH000206: hibernate.properties not found
2019-09-04 21:37:19.679 [main] INFO  org.hibernate.annotations.common.Version - HCANN000001: Hibernate Commons Annotations {5.0.1.Final}
2019-09-04 21:37:19.829 [main] INFO  org.hibernate.dialect.Dialect - HHH000400: Using dialect: org.hibernate.dialect.MySQL5Dialect
2019-09-04 21:37:20.065 [main] INFO  o.s.orm.jpa.LocalContainerEntityManagerFactoryBean - Initialized JPA EntityManagerFactory for persistence unit 'default'
2019-09-04 21:37:20.205 [main] INFO  o.s.web.servlet.handler.SimpleUrlHandlerMapping - Mapped URL path [/**/favicon.ico] onto handler of type [class org.springframework.web.servlet.resource.ResourceHttpRequestHandler]
2019-09-04 21:37:20.527 [main] INFO  o.s.w.s.m.m.a.RequestMappingHandlerAdapter - Looking for @ControllerAdvice: org.springframework.boot.web.servlet.context.AnnotationConfigServletWebServerApplicationContext@2c78d320: startup date [Wed Sep 04 21:37:17 CST 2019]; root of context hierarchy
2019-09-04 21:37:20.576 [main] WARN  o.s.b.a.o.j.JpaBaseConfiguration$JpaWebConfiguration$JpaWebMvcConfiguration - spring.jpa.open-in-view is enabled by default. Therefore, database queries may be performed during view rendering. Explicitly configure spring.jpa.open-in-view to disable this warning
2019-09-04 21:37:20.628 [main] INFO  o.s.w.s.m.m.a.RequestMappingHandlerMapping - Mapped "{[/error]}" onto public org.springframework.http.ResponseEntity<java.util.Map<java.lang.String, java.lang.Object>> org.springframework.boot.autoconfigure.web.servlet.error.BasicErrorController.error(javax.servlet.http.HttpServletRequest)
2019-09-04 21:37:20.630 [main] INFO  o.s.w.s.m.m.a.RequestMappingHandlerMapping - Mapped "{[/error],produces=[text/html]}" onto public org.springframework.web.servlet.ModelAndView org.springframework.boot.autoconfigure.web.servlet.error.BasicErrorController.errorHtml(javax.servlet.http.HttpServletRequest,javax.servlet.http.HttpServletResponse)
2019-09-04 21:37:20.673 [main] INFO  o.s.web.servlet.handler.SimpleUrlHandlerMapping - Mapped URL path [/webjars/**] onto handler of type [class org.springframework.web.servlet.resource.ResourceHttpRequestHandler]
2019-09-04 21:37:20.673 [main] INFO  o.s.web.servlet.handler.SimpleUrlHandlerMapping - Mapped URL path [/**] onto handler of type [class org.springframework.web.servlet.resource.ResourceHttpRequestHandler]
2019-09-04 21:37:21.409 [main] INFO  o.s.jmx.export.annotation.AnnotationMBeanExporter - Registering beans for JMX exposure on startup
2019-09-04 21:37:21.411 [main] INFO  o.s.jmx.export.annotation.AnnotationMBeanExporter - Bean with name 'dataSource' has been autodetected for JMX exposure
2019-09-04 21:37:21.419 [main] INFO  o.s.jmx.export.annotation.AnnotationMBeanExporter - Located MBean 'dataSource': registering with JMX server as MBean [com.zaxxer.hikari:name=dataSource,type=HikariDataSource]
2019-09-04 21:37:21.430 [main] INFO  org.apache.coyote.http11.Http11NioProtocol - Starting ProtocolHandler ["http-nio-8012"]
2019-09-04 21:37:21.441 [main] INFO  org.apache.tomcat.util.net.NioSelectorPool - Using a shared selector for servlet write/read
2019-09-04 21:37:21.463 [main] INFO  o.s.boot.web.embedded.tomcat.TomcatWebServer - Tomcat started on port(s): 8012 (http) with context path ''
2019-09-04 21:37:21.467 [main] INFO  com.face.generator.GeneratorApplication - Started GeneratorApplication in 5.004 seconds (JVM running for 6.277)
2019-09-04 21:37:21.609 [main] INFO  o.s.b.w.s.c.AnnotationConfigServletWebServerApplicationContext - Closing org.springframework.boot.web.servlet.context.AnnotationConfigServletWebServerApplicationContext@2c78d320: startup date [Wed Sep 04 21:37:17 CST 2019]; root of context hierarchy
2019-09-04 21:37:21.611 [main] INFO  o.s.jmx.export.annotation.AnnotationMBeanExporter - Unregistering JMX-exposed beans on shutdown
2019-09-04 21:37:21.611 [main] INFO  o.s.jmx.export.annotation.AnnotationMBeanExporter - Unregistering JMX-exposed beans
2019-09-04 21:37:21.612 [main] INFO  o.s.orm.jpa.LocalContainerEntityManagerFactoryBean - Closing JPA EntityManagerFactory for persistence unit 'default'
2019-09-04 21:37:21.613 [main] INFO  com.zaxxer.hikari.HikariDataSource - HikariPool-1 - Shutdown initiated...
2019-09-04 21:37:21.617 [main] INFO  com.zaxxer.hikari.HikariDataSource - HikariPool-1 - Shutdown completed.
