2019-10-27 23:04:28.466 [main] INFO  com.face.Application - Starting Application v1.0-SNAPSHOT on LAPTOP-TGN4T61P with PID 15704 (G:\app\github\theFace\face-java\target\face-1.0-SNAPSHOT.jar started by FHX in G:\app\github\theFace\face-java\target)
2019-10-27 23:04:28.471 [main] INFO  com.face.Application - The following profiles are active: prod
2019-10-27 23:04:28.581 [main] INFO  o.s.b.w.s.c.AnnotationConfigServletWebServerApplicationContext - Refreshing org.springframework.boot.web.servlet.context.AnnotationConfigServletWebServerApplicationContext@1ae369b7: startup date [Sun Oct 27 23:04:28 CST 2019]; root of context hierarchy
2019-10-27 23:04:30.157 [main] INFO  o.s.d.r.config.RepositoryConfigurationDelegate - Multiple Spring Data modules found, entering strict repository configuration mode!
2019-10-27 23:04:30.218 [main] INFO  o.s.d.r.config.RepositoryConfigurationDelegate - Multiple Spring Data modules found, entering strict repository configuration mode!
2019-10-27 23:04:30.954 [main] INFO  o.s.c.s.PostProcessorRegistrationDelegate$BeanPostProcessorChecker - Bean 'transacationsConfig' of type [com.face.config.TransacationsConfig$$EnhancerBySpringCGLIB$$f2ab8db5] is not eligible for getting processed by all BeanPostProcessors (for example: not eligible for auto-proxying)
2019-10-27 23:04:31.019 [main] INFO  o.s.c.s.PostProcessorRegistrationDelegate$BeanPostProcessorChecker - Bean 'org.springframework.transaction.annotation.ProxyTransactionManagementConfiguration' of type [org.springframework.transaction.annotation.ProxyTransactionManagementConfiguration$$EnhancerBySpringCGLIB$$69b4f84e] is not eligible for getting processed by all BeanPostProcessors (for example: not eligible for auto-proxying)
2019-10-27 23:04:31.065 [main] INFO  o.s.c.s.PostProcessorRegistrationDelegate$BeanPostProcessorChecker - Bean 'dataSourceConfig' of type [com.face.config.DataSourceConfig$$EnhancerBySpringCGLIB$$7b5078a2] is not eligible for getting processed by all BeanPostProcessors (for example: not eligible for auto-proxying)
2019-10-27 23:04:31.106 [main] INFO  o.s.c.s.PostProcessorRegistrationDelegate$BeanPostProcessorChecker - Bean 'org.springframework.boot.context.properties.ConversionServiceDeducer$Factory' of type [org.springframework.boot.context.properties.ConversionServiceDeducer$Factory] is not eligible for getting processed by all BeanPostProcessors (for example: not eligible for auto-proxying)
2019-10-27 23:04:31.146 [main] INFO  o.s.c.s.PostProcessorRegistrationDelegate$BeanPostProcessorChecker - Bean 'dataSource' of type [com.zaxxer.hikari.HikariDataSource] is not eligible for getting processed by all BeanPostProcessors (for example: not eligible for auto-proxying)
2019-10-27 23:04:31.199 [main] INFO  o.s.c.s.PostProcessorRegistrationDelegate$BeanPostProcessorChecker - Bean 'spring.datasource-org.springframework.boot.autoconfigure.jdbc.DataSourceProperties' of type [org.springframework.boot.autoconfigure.jdbc.DataSourceProperties] is not eligible for getting processed by all BeanPostProcessors (for example: not eligible for auto-proxying)
2019-10-27 23:04:31.225 [main] INFO  o.s.c.s.PostProcessorRegistrationDelegate$BeanPostProcessorChecker - Bean 'org.springframework.boot.autoconfigure.jdbc.DataSourceInitializerInvoker' of type [org.springframework.boot.autoconfigure.jdbc.DataSourceInitializerInvoker] is not eligible for getting processed by all BeanPostProcessors (for example: not eligible for auto-proxying)
2019-10-27 23:04:31.252 [main] INFO  o.s.c.s.PostProcessorRegistrationDelegate$BeanPostProcessorChecker - Bean 'txManager' of type [org.springframework.jdbc.datasource.DataSourceTransactionManager] is not eligible for getting processed by all BeanPostProcessors (for example: not eligible for auto-proxying)
2019-10-27 23:04:31.269 [main] INFO  o.s.c.s.PostProcessorRegistrationDelegate$BeanPostProcessorChecker - Bean 'txAdvice' of type [org.springframework.transaction.interceptor.TransactionInterceptor] is not eligible for getting processed by all BeanPostProcessors (for example: not eligible for auto-proxying)
2019-10-27 23:04:31.281 [main] INFO  o.s.c.s.PostProcessorRegistrationDelegate$BeanPostProcessorChecker - Bean 'txAdvisor' of type [org.springframework.aop.support.DefaultPointcutAdvisor] is not eligible for getting processed by all BeanPostProcessors (for example: not eligible for auto-proxying)
2019-10-27 23:04:32.344 [main] INFO  o.s.boot.web.embedded.tomcat.TomcatWebServer - Tomcat initialized with port(s): 8012 (http)
2019-10-27 23:04:32.372 [main] INFO  org.apache.coyote.http11.Http11NioProtocol - Initializing ProtocolHandler ["http-nio-8012"]
2019-10-27 23:04:32.387 [main] INFO  org.apache.catalina.core.StandardService - Starting service [Tomcat]
2019-10-27 23:04:32.389 [main] INFO  org.apache.catalina.core.StandardEngine - Starting Servlet Engine: Apache Tomcat/8.5.31
2019-10-27 23:04:32.408 [localhost-startStop-1] INFO  org.apache.catalina.core.AprLifecycleListener - The APR based Apache Tomcat Native library which allows optimal performance in production environments was not found on the java.library.path: [C:\Program Files\Java\jdk1.8.0_161\bin;C:\WINDOWS\Sun\Java\bin;C:\WINDOWS\system32;C:\WINDOWS;C:\Program Files (x86)\NetSarang\Xshell 6\;C:\Program Files (x86)\NetSarang\Xftp 6\;D:\IDE\oracle\product\11.2.0\dbhome_1\bin;C:\Program Files\Java\jdk1.8.0_161\bin;C:\Program Files\Java\jdk1.8.0_161\jre\bin;E:\BaiduNetdiskDownload\adb;D:\program\platform\PHP\php-7.2.2;D:\Node\;D:\tools\Git\cmd\;C:\Program Files (x86)\Microsoft Visual Studio 11.0\VC\bin;C:\Program Files (x86)\Microsoft SQL Server\90\Tools\binn\;C:\WINDOWS\system32;C:\Program Files (x86)\Windows Kits\8.1\Windows Performance Toolkit\;C:\WINDOWS\system32\config\systemprofile\.dnx\bin;C:\Program Files\Microsoft DNX\Dnvm\;C:\Program Files\Microsoft SQL Server\130\Tools\Binn\;D:\IDE\python;D:\IDE\python\Scripts;C:\WINDOWS;C:\WINDOWS\System32\Wbem;C:\WINDOWS\System32\WindowsPowerShell\v1.0\;C:\WINDOWS\System32\OpenSSH\;G:\packages\apache-maven-3.5.4-bin\apache-maven-3.5.4\bin;D:\IDE\SQL\SQLserver\110\Tools\Binn\;D:\IDE\SQL\SQLserver\130\Tools\Binn\;D:\IDE\SQL\SQLserver2\Client SDK\ODBC\130\Tools\Binn\;D:\IDE\SQL\SQLserver2\140\Tools\Binn\;D:\IDE\SQL\SQLserver2\140\DTS\Binn\;D:\IDE\SQL\SQLserver2\140\Tools\Binn\ManagementStudio\;D:\software\Mongodb\Server\4.0.5\bin;C:\Program Files\Pandoc\;c:\Users\FHX\AppData\Local\Android\Sdk\platform-tools;F:\FDownload\flutter\bin;D:\software\Cmake\bin;G:\openCV\OpenCV2.4.11\OpenCV2.4.11\build\x86\vc12\bin;D:\IDE\Microsoft VS Code\bin;D:\Java\protoc-3.6.1-win32\bin;D:\software\putty\;F:\Tools\WinNT;F:\MSDev98\Bin;F:\Tools;F:\VC98\bin;C:\Users\FHX\AppData\Local\Microsoft\WindowsApps;C:\Users\FHX\AppData\Local\GitHubDesktop\bin;E:\BaiduNetdiskDownload\adb;D:\program\platform\PHP\php-7.2.2;C:\Users\FHX\AppData\Roaming\npm;D:\IDE\Microsoft VS Code\bin;D:\software\Bandizip\;D:\Java\IntelliJ IDEA 2018.3\bin;;D:\software\Microsoft VS Code\bin;;.]
2019-10-27 23:04:32.542 [localhost-startStop-1] INFO  o.a.c.core.ContainerBase.[Tomcat].[localhost].[/] - Initializing Spring embedded WebApplicationContext
2019-10-27 23:04:32.543 [localhost-startStop-1] INFO  org.springframework.web.context.ContextLoader - Root WebApplicationContext: initialization completed in 3962 ms
2019-10-27 23:04:33.252 [localhost-startStop-1] INFO  o.s.boot.web.servlet.FilterRegistrationBean - Mapping filter: 'characterEncodingFilter' to: [/*]
2019-10-27 23:04:33.253 [localhost-startStop-1] INFO  o.s.boot.web.servlet.FilterRegistrationBean - Mapping filter: 'sessionRepositoryFilter' to: [/*]
2019-10-27 23:04:33.254 [localhost-startStop-1] INFO  o.s.boot.web.servlet.FilterRegistrationBean - Mapping filter: 'hiddenHttpMethodFilter' to: [/*]
2019-10-27 23:04:33.263 [localhost-startStop-1] INFO  o.s.boot.web.servlet.FilterRegistrationBean - Mapping filter: 'httpPutFormContentFilter' to: [/*]
2019-10-27 23:04:33.265 [localhost-startStop-1] INFO  o.s.boot.web.servlet.FilterRegistrationBean - Mapping filter: 'requestContextFilter' to: [/*]
2019-10-27 23:04:33.273 [localhost-startStop-1] INFO  o.s.boot.web.servlet.ServletRegistrationBean - Servlet dispatcherServlet mapped to [/]
2019-10-27 23:04:33.447 [main] INFO  com.zaxxer.hikari.HikariDataSource - HikariPool-1 - Starting...
2019-10-27 23:04:33.714 [main] INFO  com.zaxxer.hikari.HikariDataSource - HikariPool-1 - Start completed.
2019-10-27 23:04:33.779 [main] INFO  o.s.orm.jpa.LocalContainerEntityManagerFactoryBean - Building JPA container EntityManagerFactory for persistence unit 'default'
2019-10-27 23:04:33.801 [main] INFO  org.hibernate.jpa.internal.util.LogHelper - HHH000204: Processing PersistenceUnitInfo [
	name: default
	...]
2019-10-27 23:04:33.960 [main] INFO  org.hibernate.Version - HHH000412: Hibernate Core {5.2.17.Final}
2019-10-27 23:04:33.964 [main] INFO  org.hibernate.cfg.Environment - HHH000206: hibernate.properties not found
2019-10-27 23:04:34.043 [main] INFO  org.hibernate.annotations.common.Version - HCANN000001: Hibernate Commons Annotations {5.0.1.Final}
2019-10-27 23:04:34.401 [main] INFO  org.hibernate.dialect.Dialect - HHH000400: Using dialect: org.hibernate.dialect.MySQLDialect
2019-10-27 23:04:34.688 [main] INFO  o.s.orm.jpa.LocalContainerEntityManagerFactoryBean - Initialized JPA EntityManagerFactory for persistence unit 'default'
2019-10-27 23:04:35.908 [main] WARN  o.s.b.a.o.j.JpaBaseConfiguration$JpaWebConfiguration$JpaWebMvcConfiguration - spring.jpa.open-in-view is enabled by default. Therefore, database queries may be performed during view rendering. Explicitly configure spring.jpa.open-in-view to disable this warning
2019-10-27 23:04:36.016 [main] INFO  o.s.w.s.m.m.a.RequestMappingHandlerMapping - Mapped "{[/api/article/add]}" onto public com.face.vo.ReturnData com.face.controller.ArticleController.add(com.face.po.ArticlePo,javax.servlet.http.HttpSession)
2019-10-27 23:04:36.018 [main] INFO  o.s.w.s.m.m.a.RequestMappingHandlerMapping - Mapped "{[/api/article/qryArticle4Page/{type}]}" onto public com.face.page.Page com.face.controller.ArticleController.qryArticle4Page(java.lang.String,com.face.po.ArticlePo,com.face.page.Page,javax.servlet.http.HttpSession)
2019-10-27 23:04:36.022 [main] INFO  o.s.w.s.m.m.a.RequestMappingHandlerMapping - Mapped "{[/api/face/add]}" onto public com.face.vo.ReturnData com.face.controller.FaceController.add(org.springframework.web.multipart.MultipartFile,javax.servlet.http.HttpSession) throws java.lang.Exception
2019-10-27 23:04:36.029 [main] INFO  o.s.w.s.m.m.a.RequestMappingHandlerMapping - Mapped "{[/api/face/search]}" onto public com.face.vo.ReturnData com.face.controller.FaceController.search(org.springframework.web.multipart.MultipartFile,javax.servlet.http.HttpSession) throws java.lang.Exception
2019-10-27 23:04:36.031 [main] INFO  o.s.w.s.m.m.a.RequestMappingHandlerMapping - Mapped "{[/api/face/detect]}" onto public com.face.vo.ReturnData com.face.controller.FaceController.detect(org.springframework.web.multipart.MultipartFile,javax.servlet.http.HttpSession) throws java.lang.Exception
2019-10-27 23:04:36.045 [main] INFO  o.s.w.s.m.m.a.RequestMappingHandlerMapping - Mapped "{[/api/sentence/pushSentence],methods=[POST]}" onto public com.face.po.PushSentencePo com.face.controller.SentenceController.pushSentence(com.face.po.PushSentencePo)
2019-10-27 23:04:36.048 [main] INFO  o.s.w.s.m.m.a.RequestMappingHandlerMapping - Mapped "{[/api/star/starList]}" onto public com.face.page.Page com.face.controller.StarController.starList(com.face.page.Page)
2019-10-27 23:04:36.062 [main] INFO  o.s.w.s.m.m.a.RequestMappingHandlerMapping - Mapped "{[/api/user/register]}" onto public com.face.vo.ReturnData com.face.controller.UserController.register(com.face.vo.UserVo,org.apache.catalina.servlet4preview.http.HttpServletRequest)
2019-10-27 23:04:36.063 [main] INFO  o.s.w.s.m.m.a.RequestMappingHandlerMapping - Mapped "{[/api/user/search]}" onto public com.face.vo.UserVo com.face.controller.UserController.search(javax.servlet.http.HttpSession,com.face.vo.UserVo)
2019-10-27 23:04:36.065 [main] INFO  o.s.w.s.m.m.a.RequestMappingHandlerMapping - Mapped "{[/api/user/qryUser]}" onto public com.face.vo.UserVo com.face.controller.UserController.qryUser(javax.servlet.http.HttpSession)
2019-10-27 23:04:36.073 [main] INFO  o.s.w.s.m.m.a.RequestMappingHandlerMapping - Mapped "{[/api/user/login]}" onto public com.face.vo.ReturnData com.face.controller.UserController.login(com.face.vo.UserVo,org.apache.catalina.servlet4preview.http.HttpServletRequest,javax.servlet.http.HttpServletResponse) throws com.face.exception.BaseAppException
2019-10-27 23:04:36.081 [main] INFO  o.s.w.s.m.m.a.RequestMappingHandlerMapping - Mapped "{[/swagger-resources]}" onto public org.springframework.http.ResponseEntity<java.util.List<springfox.documentation.swagger.web.SwaggerResource>> springfox.documentation.swagger.web.ApiResourceController.swaggerResources()
2019-10-27 23:04:36.089 [main] INFO  o.s.w.s.m.m.a.RequestMappingHandlerMapping - Mapped "{[/swagger-resources/configuration/ui]}" onto public org.springframework.http.ResponseEntity<springfox.documentation.swagger.web.UiConfiguration> springfox.documentation.swagger.web.ApiResourceController.uiConfiguration()
2019-10-27 23:04:36.092 [main] INFO  o.s.w.s.m.m.a.RequestMappingHandlerMapping - Mapped "{[/swagger-resources/configuration/security]}" onto public org.springframework.http.ResponseEntity<springfox.documentation.swagger.web.SecurityConfiguration> springfox.documentation.swagger.web.ApiResourceController.securityConfiguration()
2019-10-27 23:04:36.104 [main] INFO  o.s.w.s.m.m.a.RequestMappingHandlerMapping - Mapped "{[/error]}" onto public org.springframework.http.ResponseEntity<java.util.Map<java.lang.String, java.lang.Object>> org.springframework.boot.autoconfigure.web.servlet.error.BasicErrorController.error(javax.servlet.http.HttpServletRequest)
2019-10-27 23:04:36.107 [main] INFO  o.s.w.s.m.m.a.RequestMappingHandlerMapping - Mapped "{[/error],produces=[text/html]}" onto public org.springframework.web.servlet.ModelAndView org.springframework.boot.autoconfigure.web.servlet.error.BasicErrorController.errorHtml(javax.servlet.http.HttpServletRequest,javax.servlet.http.HttpServletResponse)
2019-10-27 23:04:36.573 [main] INFO  s.d.s.w.PropertySourcedRequestMappingHandlerMapping - Mapped URL path [/v2/api-docs] onto method [public org.springframework.http.ResponseEntity<springfox.documentation.spring.web.json.Json> springfox.documentation.swagger2.web.Swagger2Controller.getDocumentation(java.lang.String,javax.servlet.http.HttpServletRequest)]
2019-10-27 23:04:36.717 [main] INFO  o.s.web.servlet.handler.SimpleUrlHandlerMapping - Mapped URL path [/**/favicon.ico] onto handler of type [class org.springframework.web.servlet.resource.ResourceHttpRequestHandler]
2019-10-27 23:04:37.005 [main] INFO  o.s.w.s.m.m.a.RequestMappingHandlerAdapter - Looking for @ControllerAdvice: org.springframework.boot.web.servlet.context.AnnotationConfigServletWebServerApplicationContext@1ae369b7: startup date [Sun Oct 27 23:04:28 CST 2019]; root of context hierarchy
2019-10-27 23:04:37.016 [main] INFO  o.s.w.s.m.m.a.RequestMappingHandlerAdapter - Detected ResponseBodyAdvice bean in pageAdvice
2019-10-27 23:04:37.096 [main] INFO  o.s.web.servlet.handler.SimpleUrlHandlerMapping - Mapped URL path [/webjars/**] onto handler of type [class org.springframework.web.servlet.resource.ResourceHttpRequestHandler]
2019-10-27 23:04:37.099 [main] INFO  o.s.web.servlet.handler.SimpleUrlHandlerMapping - Mapped URL path [/**] onto handler of type [class org.springframework.web.servlet.resource.ResourceHttpRequestHandler]
2019-10-27 23:04:37.100 [main] INFO  o.s.web.servlet.handler.SimpleUrlHandlerMapping - Mapped URL path [/images/**] onto handler of type [class org.springframework.web.servlet.resource.ResourceHttpRequestHandler]
2019-10-27 23:04:37.130 [main] INFO  o.s.w.s.m.m.a.ExceptionHandlerExceptionResolver - Detected ResponseBodyAdvice implementation in pageAdvice
2019-10-27 23:04:38.077 [main] INFO  io.lettuce.core.EpollProvider - Starting without optional epoll library
2019-10-27 23:04:38.082 [main] INFO  io.lettuce.core.KqueueProvider - Starting without optional kqueue library
2019-10-27 23:04:39.512 [main] INFO  o.s.jmx.export.annotation.AnnotationMBeanExporter - Registering beans for JMX exposure on startup
2019-10-27 23:04:39.515 [main] INFO  o.s.jmx.export.annotation.AnnotationMBeanExporter - Bean with name 'dataSource' has been autodetected for JMX exposure
2019-10-27 23:04:39.526 [main] INFO  o.s.jmx.export.annotation.AnnotationMBeanExporter - Located MBean 'dataSource': registering with JMX server as MBean [com.zaxxer.hikari:name=dataSource,type=HikariDataSource]
2019-10-27 23:04:39.533 [main] INFO  o.s.context.support.DefaultLifecycleProcessor - Starting beans in phase 2147483647
2019-10-27 23:04:39.534 [main] INFO  s.d.s.web.plugins.DocumentationPluginsBootstrapper - Context refreshed
2019-10-27 23:04:39.572 [main] INFO  s.d.s.web.plugins.DocumentationPluginsBootstrapper - Found 1 custom documentation plugin(s)
2019-10-27 23:04:39.613 [main] INFO  s.d.spring.web.scanners.ApiListingReferenceScanner - Scanning for api listing references
2019-10-27 23:04:39.853 [main] INFO  o.s.s.a.ScheduledAnnotationBeanPostProcessor - No TaskScheduler/ScheduledExecutorService bean found for scheduled processing
2019-10-27 23:04:39.863 [main] INFO  org.apache.coyote.http11.Http11NioProtocol - Starting ProtocolHandler ["http-nio-8012"]
2019-10-27 23:04:39.865 [main] INFO  org.apache.tomcat.util.net.NioSelectorPool - Using a shared selector for servlet write/read
2019-10-27 23:04:39.898 [main] INFO  o.s.boot.web.embedded.tomcat.TomcatWebServer - Tomcat started on port(s): 8012 (http) with context path ''
2019-10-27 23:04:39.923 [main] INFO  com.face.Application - Started Application in 12.048 seconds (JVM running for 12.597)
2019-10-27 23:04:39.928 [main] INFO  com.face.Application - -----------------------Face detect your face start------------------------------
2019-10-27 23:04:47.516 [Thread-9] INFO  o.s.b.w.s.c.AnnotationConfigServletWebServerApplicationContext - Closing org.springframework.boot.web.servlet.context.AnnotationConfigServletWebServerApplicationContext@1ae369b7: startup date [Sun Oct 27 23:04:28 CST 2019]; root of context hierarchy
2019-10-27 23:04:47.519 [Thread-9] INFO  o.s.context.support.DefaultLifecycleProcessor - Stopping beans in phase 2147483647
2019-10-27 23:04:47.579 [Thread-9] INFO  o.s.jmx.export.annotation.AnnotationMBeanExporter - Unregistering JMX-exposed beans on shutdown
2019-10-27 23:04:47.581 [Thread-9] INFO  o.s.jmx.export.annotation.AnnotationMBeanExporter - Unregistering JMX-exposed beans
2019-10-27 23:04:47.584 [Thread-9] INFO  o.s.orm.jpa.LocalContainerEntityManagerFactoryBean - Closing JPA EntityManagerFactory for persistence unit 'default'
2019-10-27 23:04:48.708 [Thread-9] INFO  com.zaxxer.hikari.HikariDataSource - HikariPool-1 - Shutdown initiated...
2019-10-27 23:04:48.720 [Thread-9] INFO  com.zaxxer.hikari.HikariDataSource - HikariPool-1 - Shutdown completed.
